<?xml version="1.0" encoding="UTF-8"?>
<robot generator="Robot 6.0.1 (Python 3.12.0 on win32)" generated="20231117 15:22:36.071" rpa="false" schemaversion="3">
<suite id="s1" name="Teste" source="C:\Users\Matusalem\Documents\GitHub\Bot\teste.robot">
<test id="s1-t1" name="Inicar e fazer login" line="52">
<kw name="Abrir Instagram">
<kw name="Open Browser" library="SeleniumLibrary">
<arg>https://www.instagram.com/</arg>
<arg>edge</arg>
<doc>Opens a new browser instance to the optional ``url``.</doc>
<msg timestamp="20231117 15:22:36.389" level="INFO">Opening browser 'edge' to base url 'https://www.instagram.com/'.</msg>
<msg timestamp="20231117 15:22:36.395" level="INFO">Executing: C:\Users\Matusalem\AppData\Local\Programs\Python\Python312\Lib\site-packages\selenium\webdriver\common\windows\selenium-manager.exe --browser edge --output json</msg>
<status status="PASS" starttime="20231117 15:22:36.387" endtime="20231117 15:22:48.131"/>
</kw>
<status status="PASS" starttime="20231117 15:22:36.387" endtime="20231117 15:22:48.131"/>
</kw>
<kw name="Colocar informações e enviar">
<kw name="Wait Until Element Is Visible" library="SeleniumLibrary">
<arg>${username_locator}</arg>
<doc>Waits until the element ``locator`` is visible.</doc>
<status status="PASS" starttime="20231117 15:22:48.132" endtime="20231117 15:22:48.654"/>
</kw>
<kw name="Input Text" library="SeleniumLibrary">
<arg>${username_locator}</arg>
<arg>${username}</arg>
<doc>Types the given ``text`` into the text field identified by ``locator``.</doc>
<msg timestamp="20231117 15:22:48.655" level="INFO">Typing text 'coacervados77' into text field '//*[@id="loginForm"]/div/div[1]/div/label/input'.</msg>
<status status="PASS" starttime="20231117 15:22:48.654" endtime="20231117 15:22:49.240"/>
</kw>
<kw name="Input Text" library="SeleniumLibrary">
<arg>${password_locator}</arg>
<arg>${password}</arg>
<doc>Types the given ``text`` into the text field identified by ``locator``.</doc>
<msg timestamp="20231117 15:22:49.241" level="INFO">Typing text 'saviogatoboy22' into text field '//*[@id="loginForm"]/div/div[2]/div/label/input'.</msg>
<status status="PASS" starttime="20231117 15:22:49.241" endtime="20231117 15:22:49.560"/>
</kw>
<kw name="Click Element" library="SeleniumLibrary">
<arg>${submit}</arg>
<doc>Click the element identified by ``locator``.</doc>
<msg timestamp="20231117 15:22:49.562" level="INFO">Clicking element '//*[@id="loginForm"]/div/div[3]/button'.</msg>
<status status="PASS" starttime="20231117 15:22:49.560" endtime="20231117 15:22:49.849"/>
</kw>
<status status="PASS" starttime="20231117 15:22:48.132" endtime="20231117 15:22:49.849"/>
</kw>
<status status="PASS" starttime="20231117 15:22:36.386" endtime="20231117 15:22:49.849"/>
</test>
<test id="s1-t2" name="Pesquisar usuário" line="55">
<kw name="Clicar no botão de pesquisa">
<kw name="Wait Until Element Is Visible" library="SeleniumLibrary">
<arg>${search_locator}</arg>
<arg>10s</arg>
<doc>Waits until the element ``locator`` is visible.</doc>
<status status="PASS" starttime="20231117 15:22:49.852" endtime="20231117 15:22:57.613"/>
</kw>
<kw name="Click Element" library="SeleniumLibrary">
<arg>${search_locator}</arg>
<doc>Click the element identified by ``locator``.</doc>
<msg timestamp="20231117 15:22:57.614" level="INFO">Clicking element 'css=div:nth-child(2) &gt; .x4k7w5x .x1i10hfl &gt; .x9f619'.</msg>
<status status="PASS" starttime="20231117 15:22:57.614" endtime="20231117 15:22:57.931"/>
</kw>
<status status="PASS" starttime="20231117 15:22:49.852" endtime="20231117 15:22:57.931"/>
</kw>
<kw name="CLicar na barra de pesquisa e pesquisar usuário">
<kw name="Wait Until Element Is Visible" library="SeleniumLibrary">
<arg>${search_input_locator}</arg>
<arg>10s</arg>
<doc>Waits until the element ``locator`` is visible.</doc>
<status status="PASS" starttime="20231117 15:22:57.931" endtime="20231117 15:22:58.660"/>
</kw>
<kw name="Input Text" library="SeleniumLibrary">
<arg>${search_input_locator}</arg>
<arg>${user}</arg>
<doc>Types the given ``text`` into the text field identified by ``locator``.</doc>
<msg timestamp="20231117 15:22:58.663" level="INFO">Typing text 'isaac_salless' into text field '//input[@value='']'.</msg>
<status status="PASS" starttime="20231117 15:22:58.660" endtime="20231117 15:22:59.099"/>
</kw>
<status status="PASS" starttime="20231117 15:22:57.931" endtime="20231117 15:22:59.099"/>
</kw>
<kw name="CLicar no usuário">
<kw name="Wait Until Element Is Visible" library="SeleniumLibrary">
<arg>${user_locate}</arg>
<doc>Waits until the element ``locator`` is visible.</doc>
<status status="PASS" starttime="20231117 15:22:59.100" endtime="20231117 15:23:01.144"/>
</kw>
<kw name="Click Element" library="SeleniumLibrary">
<arg>${user_locate}</arg>
<doc>Click the element identified by ``locator``.</doc>
<msg timestamp="20231117 15:23:01.145" level="INFO">Clicking element 'xpath=//div[2]/div/a/div'.</msg>
<status status="PASS" starttime="20231117 15:23:01.144" endtime="20231117 15:23:01.627"/>
</kw>
<status status="PASS" starttime="20231117 15:22:59.099" endtime="20231117 15:23:01.627"/>
</kw>
<kw name="Sleep" library="BuiltIn">
<arg>10s</arg>
<doc>Pauses the test executed for the given time.</doc>
<msg timestamp="20231117 15:23:11.629" level="INFO">Slept 10 seconds</msg>
<status status="PASS" starttime="20231117 15:23:01.628" endtime="20231117 15:23:11.629"/>
</kw>
<status status="PASS" starttime="20231117 15:22:49.851" endtime="20231117 15:23:11.630"/>
</test>
<test id="s1-t3" name="Interação com o usuário" line="60">
<kw name="Seguir usuário e mandar mensagem">
<try>
<branch type="TRY">
<kw name="Wait Until Element Is Visible" library="SeleniumLibrary">
<arg>${follow_verify}</arg>
<doc>Waits until the element ``locator`` is visible.</doc>
<status status="PASS" starttime="20231117 15:23:11.634" endtime="20231117 15:23:11.718"/>
</kw>
<status status="PASS" starttime="20231117 15:23:11.633" endtime="20231117 15:23:11.718"/>
</branch>
<branch type="EXCEPT">
<kw name="Wait Until Element Is Visible" library="SeleniumLibrary">
<arg>${follow_button}</arg>
<doc>Waits until the element ``locator`` is visible.</doc>
<status status="NOT RUN" starttime="20231117 15:23:11.718" endtime="20231117 15:23:11.720"/>
</kw>
<kw name="Click Button" library="SeleniumLibrary">
<arg>${follow_button}</arg>
<doc>Clicks the button identified by ``locator``.</doc>
<status status="NOT RUN" starttime="20231117 15:23:11.720" endtime="20231117 15:23:11.720"/>
</kw>
<status status="NOT RUN" starttime="20231117 15:23:11.718" endtime="20231117 15:23:11.720"/>
</branch>
<branch type="FINALLY">
<kw name="Wait Until Element Is Visible" library="SeleniumLibrary">
<arg>${message_button}</arg>
<doc>Waits until the element ``locator`` is visible.</doc>
<status status="PASS" starttime="20231117 15:23:11.720" endtime="20231117 15:23:11.751"/>
</kw>
<kw name="Click Element" library="SeleniumLibrary">
<arg>${message_button}</arg>
<doc>Click the element identified by ``locator``.</doc>
<msg timestamp="20231117 15:23:11.752" level="INFO">Clicking element 'css=.x1lku1pv'.</msg>
<status status="PASS" starttime="20231117 15:23:11.751" endtime="20231117 15:23:11.822"/>
</kw>
<status status="PASS" starttime="20231117 15:23:11.720" endtime="20231117 15:23:11.822"/>
</branch>
<status status="PASS" starttime="20231117 15:23:11.633" endtime="20231117 15:23:11.822"/>
</try>
<status status="PASS" starttime="20231117 15:23:11.633" endtime="20231117 15:23:11.823"/>
</kw>
<kw name="Enviar mensagem">
<kw name="Wait Until Element Is Visible" library="SeleniumLibrary">
<arg>${message_box}</arg>
<doc>Waits until the element ``locator`` is visible.</doc>
<status status="PASS" starttime="20231117 15:23:11.823" endtime="20231117 15:23:16.081"/>
</kw>
<kw name="Press Keys" library="SeleniumLibrary">
<arg>None</arg>
<arg>${message_content}</arg>
<doc>Simulates the user pressing key(s) to an element or on the active browser.</doc>
<msg timestamp="20231117 15:23:16.081" level="INFO">Sending key(s) ('Mensagem enviada pelo Bot.',) to page.</msg>
<msg timestamp="20231117 15:23:16.083" level="INFO">Sending keys Mensagem enviada pelo Bot.</msg>
<status status="PASS" starttime="20231117 15:23:16.081" endtime="20231117 15:23:16.264"/>
</kw>
<kw name="Press Keys" library="SeleniumLibrary">
<arg>None</arg>
<arg>ENTER</arg>
<doc>Simulates the user pressing key(s) to an element or on the active browser.</doc>
<msg timestamp="20231117 15:23:16.265" level="INFO">Sending key(s) ('ENTER',) to page.</msg>
<msg timestamp="20231117 15:23:16.265" level="INFO">Pressing special key ENTER to browser.</msg>
<msg timestamp="20231117 15:23:16.265" level="INFO">Releasing special key ENTER.</msg>
<status status="PASS" starttime="20231117 15:23:16.264" endtime="20231117 15:23:16.288"/>
</kw>
<status status="PASS" starttime="20231117 15:23:11.823" endtime="20231117 15:23:16.288"/>
</kw>
<kw name="Sleep" library="BuiltIn">
<arg>10s</arg>
<doc>Pauses the test executed for the given time.</doc>
<msg timestamp="20231117 15:23:26.292" level="INFO">Slept 10 seconds</msg>
<status status="PASS" starttime="20231117 15:23:16.289" endtime="20231117 15:23:26.292"/>
</kw>
<status status="PASS" starttime="20231117 15:23:11.633" endtime="20231117 15:23:26.293"/>
</test>
<status status="PASS" starttime="20231117 15:22:36.073" endtime="20231117 15:23:26.296"/>
</suite>
<statistics>
<total>
<stat pass="3" fail="0" skip="0">All Tests</stat>
</total>
<tag>
</tag>
<suite>
<stat pass="3" fail="0" skip="0" id="s1" name="Teste">Teste</stat>
</suite>
</statistics>
<errors>
</errors>
</robot>
