<?xml version="1.0" encoding="UTF-8"?>
<robot generator="Robot 6.0.1 (Python 3.12.0 on win32)" generated="20231123 11:29:29.588" rpa="false" schemaversion="3">
<suite id="s1" name="Instabot" source="C:\Users\Matusalem\Documents\GitHub\Bot\instabot.robot">
<test id="s1-t1" name="Inicar e fazer login" line="87">
<kw name="Abrir Instagram">
<kw name="Open Browser" library="SeleniumLibrary">
<arg>https://www.instagram.com/</arg>
<arg>chrome</arg>
<doc>Opens a new browser instance to the optional ``url``.</doc>
<msg timestamp="20231123 11:29:29.921" level="INFO">Opening browser 'chrome' to base url 'https://www.instagram.com/'.</msg>
<status status="PASS" starttime="20231123 11:29:29.921" endtime="20231123 11:29:39.740"/>
</kw>
<status status="PASS" starttime="20231123 11:29:29.921" endtime="20231123 11:29:39.740"/>
</kw>
<kw name="Colocar informações e enviar">
<kw name="Wait Until Element Is Visible" library="SeleniumLibrary">
<arg>${username_locator}</arg>
<doc>Waits until the element ``locator`` is visible.</doc>
<status status="PASS" starttime="20231123 11:29:39.740" endtime="20231123 11:29:39.788"/>
</kw>
<kw name="Input Text" library="SeleniumLibrary">
<arg>${username_locator}</arg>
<arg>${username}</arg>
<doc>Types the given ``text`` into the text field identified by ``locator``.</doc>
<msg timestamp="20231123 11:29:39.788" level="INFO">Typing text 'foguetesovietico' into text field '//*[@id="loginForm"]/div/div[1]/div/label/input'.</msg>
<status status="PASS" starttime="20231123 11:29:39.788" endtime="20231123 11:29:40.076"/>
</kw>
<kw name="Input Text" library="SeleniumLibrary">
<arg>${password_locator}</arg>
<arg>${password}</arg>
<doc>Types the given ``text`` into the text field identified by ``locator``.</doc>
<msg timestamp="20231123 11:29:40.076" level="INFO">Typing text 'saviogatoboy22' into text field '//*[@id="loginForm"]/div/div[2]/div/label/input'.</msg>
<status status="PASS" starttime="20231123 11:29:40.076" endtime="20231123 11:29:40.285"/>
</kw>
<kw name="Click Element" library="SeleniumLibrary">
<arg>${submit}</arg>
<doc>Click the element identified by ``locator``.</doc>
<msg timestamp="20231123 11:29:40.285" level="INFO">Clicking element '//*[@id="loginForm"]/div/div[3]/button'.</msg>
<status status="PASS" starttime="20231123 11:29:40.285" endtime="20231123 11:29:40.466"/>
</kw>
<status status="PASS" starttime="20231123 11:29:39.740" endtime="20231123 11:29:40.466"/>
</kw>
<kw name="Agora não">
<kw name="Wait Until Element Is Visible" library="SeleniumLibrary">
<arg>${not_now}</arg>
<arg>10s</arg>
<doc>Waits until the element ``locator`` is visible.</doc>
<status status="PASS" starttime="20231123 11:29:40.474" endtime="20231123 11:29:46.343"/>
</kw>
<kw name="Click Element" library="SeleniumLibrary">
<arg>${not_now}</arg>
<doc>Click the element identified by ``locator``.</doc>
<msg timestamp="20231123 11:29:46.343" level="INFO">Clicking element 'css=.xjqpnuy'.</msg>
<status status="PASS" starttime="20231123 11:29:46.343" endtime="20231123 11:29:49.190"/>
</kw>
<kw name="Wait Until Element Is Visible" library="SeleniumLibrary">
<arg>${refuse_button}</arg>
<arg>10s</arg>
<doc>Waits until the element ``locator`` is visible.</doc>
<status status="PASS" starttime="20231123 11:29:49.190" endtime="20231123 11:29:49.232"/>
</kw>
<kw name="Click Element" library="SeleniumLibrary">
<arg>${refuse_button}</arg>
<doc>Click the element identified by ``locator``.</doc>
<msg timestamp="20231123 11:29:49.232" level="INFO">Clicking element 'css=._a9_1'.</msg>
<status status="PASS" starttime="20231123 11:29:49.232" endtime="20231123 11:29:49.328"/>
</kw>
<status status="PASS" starttime="20231123 11:29:40.474" endtime="20231123 11:29:49.336"/>
</kw>
<status status="PASS" starttime="20231123 11:29:29.921" endtime="20231123 11:29:49.336"/>
</test>
<test id="s1-t2" name="Ir até os seguidores" line="91">
<kw name="Entrar no perfil">
<kw name="Wait Until Element Is Visible" library="SeleniumLibrary">
<arg>${profile_locator}</arg>
<arg>10s</arg>
<doc>Waits until the element ``locator`` is visible.</doc>
<status status="PASS" starttime="20231123 11:29:49.344" endtime="20231123 11:29:49.376"/>
</kw>
<kw name="Click Element" library="SeleniumLibrary">
<arg>${profile_locator}</arg>
<doc>Click the element identified by ``locator``.</doc>
<msg timestamp="20231123 11:29:49.384" level="INFO">Clicking element 'css=div:nth-child(8) .x1i10hfl &gt; .x9f619'.</msg>
<status status="PASS" starttime="20231123 11:29:49.376" endtime="20231123 11:29:49.699"/>
</kw>
<status status="PASS" starttime="20231123 11:29:49.344" endtime="20231123 11:29:49.699"/>
</kw>
<kw name="Entrar em seguidores">
<kw name="Wait Until Element Is Visible" library="SeleniumLibrary">
<arg>${followers_locator}</arg>
<arg>10s</arg>
<doc>Waits until the element ``locator`` is visible.</doc>
<status status="PASS" starttime="20231123 11:29:49.743" endtime="20231123 11:29:52.625"/>
</kw>
<kw name="Click Element" library="SeleniumLibrary">
<arg>${followers_locator}</arg>
<doc>Click the element identified by ``locator``.</doc>
<msg timestamp="20231123 11:29:52.625" level="INFO">Clicking element 'css=.xl565be:nth-child(2) &gt; .x1i10hfl'.</msg>
<status status="PASS" starttime="20231123 11:29:52.625" endtime="20231123 11:29:52.825"/>
</kw>
<status status="PASS" starttime="20231123 11:29:49.743" endtime="20231123 11:29:52.825"/>
</kw>
<status status="PASS" starttime="20231123 11:29:49.336" endtime="20231123 11:29:52.849"/>
</test>
<test id="s1-t3" name="Interações com seguidores" line="94">
<kw name="Set Variable" library="BuiltIn">
<var>${voltas}</var>
<arg>1</arg>
<doc>Returns the given values which can then be assigned to a variables.</doc>
<msg timestamp="20231123 11:29:52.857" level="INFO">${voltas} = 1</msg>
<status status="PASS" starttime="20231123 11:29:52.857" endtime="20231123 11:29:52.857"/>
</kw>
<while condition="True">
<iter>
<kw name="Keywords para loop">
<arg>${voltas}</arg>
<for flavor="IN RANGE">
<var>${i}</var>
<value>${args}</value>
<iter>
<var name="${i}">0</var>
<kw name="Navegar até um perfil">
<kw name="Wait Until Element Is Visible" library="SeleniumLibrary">
<arg>${remove_follower}</arg>
<doc>Waits until the element ``locator`` is visible.</doc>
<status status="PASS" starttime="20231123 11:29:52.857" endtime="20231123 11:29:53.764"/>
</kw>
<kw name="Press Keys" library="SeleniumLibrary">
<arg>None</arg>
<arg>TAB</arg>
<doc>Simulates the user pressing key(s) to an element or on the active browser.</doc>
<msg timestamp="20231123 11:29:53.764" level="INFO">Sending key(s) ('TAB',) to page.</msg>
<msg timestamp="20231123 11:29:53.764" level="INFO">Pressing special key TAB to browser.</msg>
<msg timestamp="20231123 11:29:53.764" level="INFO">Releasing special key TAB.</msg>
<status status="PASS" starttime="20231123 11:29:53.764" endtime="20231123 11:29:53.788"/>
</kw>
<kw name="Press Keys" library="SeleniumLibrary">
<arg>None</arg>
<arg>TAB</arg>
<doc>Simulates the user pressing key(s) to an element or on the active browser.</doc>
<msg timestamp="20231123 11:29:53.788" level="INFO">Sending key(s) ('TAB',) to page.</msg>
<msg timestamp="20231123 11:29:53.788" level="INFO">Pressing special key TAB to browser.</msg>
<msg timestamp="20231123 11:29:53.788" level="INFO">Releasing special key TAB.</msg>
<status status="PASS" starttime="20231123 11:29:53.788" endtime="20231123 11:29:53.812"/>
</kw>
<kw name="Press Keys" library="SeleniumLibrary">
<arg>None</arg>
<arg>TAB</arg>
<doc>Simulates the user pressing key(s) to an element or on the active browser.</doc>
<msg timestamp="20231123 11:29:53.820" level="INFO">Sending key(s) ('TAB',) to page.</msg>
<msg timestamp="20231123 11:29:53.820" level="INFO">Pressing special key TAB to browser.</msg>
<msg timestamp="20231123 11:29:53.820" level="INFO">Releasing special key TAB.</msg>
<status status="PASS" starttime="20231123 11:29:53.812" endtime="20231123 11:29:54.015"/>
</kw>
<kw name="Sleep" library="BuiltIn">
<arg>.05s</arg>
<doc>Pauses the test executed for the given time.</doc>
<msg timestamp="20231123 11:29:54.074" level="INFO">Slept 50 milliseconds</msg>
<status status="PASS" starttime="20231123 11:29:54.015" endtime="20231123 11:29:54.074"/>
</kw>
<status status="PASS" starttime="20231123 11:29:52.857" endtime="20231123 11:29:54.074"/>
</kw>
<status status="PASS" starttime="20231123 11:29:52.857" endtime="20231123 11:29:54.074"/>
</iter>
<status status="PASS" starttime="20231123 11:29:52.857" endtime="20231123 11:29:54.074"/>
</for>
<kw name="Confirmar usuário">
<kw name="Press Keys" library="SeleniumLibrary">
<arg>None</arg>
<arg>ENTER</arg>
<doc>Simulates the user pressing key(s) to an element or on the active browser.</doc>
<msg timestamp="20231123 11:29:54.074" level="INFO">Sending key(s) ('ENTER',) to page.</msg>
<msg timestamp="20231123 11:29:54.074" level="INFO">Pressing special key ENTER to browser.</msg>
<msg timestamp="20231123 11:29:54.074" level="INFO">Releasing special key ENTER.</msg>
<status status="PASS" starttime="20231123 11:29:54.074" endtime="20231123 11:29:54.138"/>
</kw>
<status status="PASS" starttime="20231123 11:29:54.074" endtime="20231123 11:29:54.138"/>
</kw>
<kw name="Verificar se segue e entrar em mensagens">
<try>
<branch type="TRY">
<kw name="Wait Until Element Is Visible" library="SeleniumLibrary">
<arg>${follow_back_verify}</arg>
<arg>3s</arg>
<doc>Waits until the element ``locator`` is visible.</doc>
<msg timestamp="20231123 11:29:57.665" level="INFO" html="true">&lt;/td&gt;&lt;/tr&gt;&lt;tr&gt;&lt;td colspan="3"&gt;&lt;a href="selenium-screenshot-289.png"&gt;&lt;img src="selenium-screenshot-289.png" width="800px"&gt;&lt;/a&gt;</msg>
<msg timestamp="20231123 11:29:57.665" level="FAIL">Element 'css=span &gt; .x5n08af' not visible after 3 seconds.</msg>
<status status="FAIL" starttime="20231123 11:29:54.146" endtime="20231123 11:29:57.673"/>
</kw>
<kw name="Go Back" library="SeleniumLibrary">
<doc>Simulates the user clicking the back button on their browser.</doc>
<status status="NOT RUN" starttime="20231123 11:29:57.673" endtime="20231123 11:29:57.673"/>
</kw>
<status status="FAIL" starttime="20231123 11:29:54.146" endtime="20231123 11:29:57.673"/>
</branch>
<branch type="EXCEPT">
<kw name="Wait Until Element Is Visible" library="SeleniumLibrary">
<arg>${follow_back_button}</arg>
<doc>Waits until the element ``locator`` is visible.</doc>
<status status="PASS" starttime="20231123 11:29:57.673" endtime="20231123 11:29:57.721"/>
</kw>
<kw name="Click Button" library="SeleniumLibrary">
<arg>${follow_back_button}</arg>
<doc>Clicks the button identified by ``locator``.</doc>
<msg timestamp="20231123 11:29:57.721" level="INFO">Clicking button 'css=._acan'.</msg>
<status status="PASS" starttime="20231123 11:29:57.721" endtime="20231123 11:29:57.942"/>
</kw>
<try>
<branch type="TRY">
<kw name="Page Should Not Contain Element" library="SeleniumLibrary">
<arg>${stop_follow}</arg>
<doc>Verifies that element ``locator`` is not found on the current page.</doc>
<msg timestamp="20231123 11:29:58.332" level="INFO" html="true">&lt;/td&gt;&lt;/tr&gt;&lt;tr&gt;&lt;td colspan="3"&gt;&lt;a href="selenium-screenshot-290.png"&gt;&lt;img src="selenium-screenshot-290.png" width="800px"&gt;&lt;/a&gt;</msg>
<msg timestamp="20231123 11:29:58.332" level="FAIL">Page should not have contained element 'css=._a9-_'.</msg>
<status status="FAIL" starttime="20231123 11:29:57.942" endtime="20231123 11:29:58.340"/>
</kw>
<kw name="Wait Until Element Is Visible" library="SeleniumLibrary">
<arg>${message_button}</arg>
<arg>2s</arg>
<doc>Waits until the element ``locator`` is visible.</doc>
<status status="NOT RUN" starttime="20231123 11:29:58.340" endtime="20231123 11:29:58.340"/>
</kw>
<kw name="Click Element" library="SeleniumLibrary">
<arg>${message_button}</arg>
<doc>Click the element identified by ``locator``.</doc>
<status status="NOT RUN" starttime="20231123 11:29:58.340" endtime="20231123 11:29:58.340"/>
</kw>
<kw name="Wait Until Element Is Visible" library="SeleniumLibrary">
<arg>${message_box}</arg>
<doc>Waits until the element ``locator`` is visible.</doc>
<status status="NOT RUN" starttime="20231123 11:29:58.340" endtime="20231123 11:29:58.340"/>
</kw>
<kw name="Click Element" library="SeleniumLibrary">
<arg>${message_box}</arg>
<doc>Click the element identified by ``locator``.</doc>
<status status="NOT RUN" starttime="20231123 11:29:58.340" endtime="20231123 11:29:58.340"/>
</kw>
<kw name="Sleep" library="BuiltIn">
<arg>.2s</arg>
<doc>Pauses the test executed for the given time.</doc>
<status status="NOT RUN" starttime="20231123 11:29:58.340" endtime="20231123 11:29:58.340"/>
</kw>
<kw name="Press Keys" library="SeleniumLibrary">
<arg>None</arg>
<arg>${message_content}</arg>
<doc>Simulates the user pressing key(s) to an element or on the active browser.</doc>
<status status="NOT RUN" starttime="20231123 11:29:58.340" endtime="20231123 11:29:58.340"/>
</kw>
<kw name="Press Keys" library="SeleniumLibrary">
<arg>None</arg>
<arg>ENTER</arg>
<doc>Simulates the user pressing key(s) to an element or on the active browser.</doc>
<status status="NOT RUN" starttime="20231123 11:29:58.340" endtime="20231123 11:29:58.340"/>
</kw>
<kw name="Entrar no perfil">
<status status="NOT RUN" starttime="20231123 11:29:58.340" endtime="20231123 11:29:58.340"/>
</kw>
<kw name="Entrar em seguidores">
<status status="NOT RUN" starttime="20231123 11:29:58.340" endtime="20231123 11:29:58.340"/>
</kw>
<status status="FAIL" starttime="20231123 11:29:57.942" endtime="20231123 11:29:58.340"/>
</branch>
<branch type="EXCEPT">
<kw name="Press Keys" library="SeleniumLibrary">
<arg>None</arg>
<arg>ESC</arg>
<doc>Simulates the user pressing key(s) to an element or on the active browser.</doc>
<msg timestamp="20231123 11:29:58.340" level="INFO">Sending key(s) ('ESC',) to page.</msg>
<msg timestamp="20231123 11:29:58.340" level="INFO">Pressing special key ESCAPE to browser.</msg>
<msg timestamp="20231123 11:29:58.340" level="INFO">Releasing special key ESCAPE.</msg>
<status status="PASS" starttime="20231123 11:29:58.340" endtime="20231123 11:29:58.396"/>
</kw>
<kw name="Go Back" library="SeleniumLibrary">
<doc>Simulates the user clicking the back button on their browser.</doc>
<status status="PASS" starttime="20231123 11:29:58.396" endtime="20231123 11:29:59.050"/>
</kw>
<status status="PASS" starttime="20231123 11:29:58.340" endtime="20231123 11:29:59.050"/>
</branch>
<status status="PASS" starttime="20231123 11:29:57.942" endtime="20231123 11:29:59.058"/>
</try>
<status status="PASS" starttime="20231123 11:29:57.673" endtime="20231123 11:29:59.058"/>
</branch>
<status status="PASS" starttime="20231123 11:29:54.146" endtime="20231123 11:29:59.058"/>
</try>
<status status="PASS" starttime="20231123 11:29:54.146" endtime="20231123 11:29:59.058"/>
</kw>
<status status="PASS" starttime="20231123 11:29:52.857" endtime="20231123 11:29:59.058"/>
</kw>
<kw name="Evaluate" library="BuiltIn">
<var>${voltas}</var>
<arg>${voltas} + 1</arg>
<doc>Evaluates the given expression in Python and returns the result.</doc>
<msg timestamp="20231123 11:29:59.058" level="INFO">${voltas} = 2</msg>
<status status="PASS" starttime="20231123 11:29:59.058" endtime="20231123 11:29:59.058"/>
</kw>
<status status="PASS" starttime="20231123 11:29:52.857" endtime="20231123 11:29:59.058"/>
</iter>
<iter>
<kw name="Keywords para loop">
<arg>${voltas}</arg>
<for flavor="IN RANGE">
<var>${i}</var>
<value>${args}</value>
<iter>
<var name="${i}">0</var>
<kw name="Navegar até um perfil">
<kw name="Wait Until Element Is Visible" library="SeleniumLibrary">
<arg>${remove_follower}</arg>
<doc>Waits until the element ``locator`` is visible.</doc>
<status status="PASS" starttime="20231123 11:29:59.058" endtime="20231123 11:29:59.774"/>
</kw>
<kw name="Press Keys" library="SeleniumLibrary">
<arg>None</arg>
<arg>TAB</arg>
<doc>Simulates the user pressing key(s) to an element or on the active browser.</doc>
<msg timestamp="20231123 11:29:59.782" level="INFO">Sending key(s) ('TAB',) to page.</msg>
<msg timestamp="20231123 11:29:59.782" level="INFO">Pressing special key TAB to browser.</msg>
<msg timestamp="20231123 11:29:59.782" level="INFO">Releasing special key TAB.</msg>
<status status="PASS" starttime="20231123 11:29:59.774" endtime="20231123 11:29:59.790"/>
</kw>
<kw name="Press Keys" library="SeleniumLibrary">
<arg>None</arg>
<arg>TAB</arg>
<doc>Simulates the user pressing key(s) to an element or on the active browser.</doc>
<msg timestamp="20231123 11:29:59.790" level="INFO">Sending key(s) ('TAB',) to page.</msg>
<msg timestamp="20231123 11:29:59.790" level="INFO">Pressing special key TAB to browser.</msg>
<msg timestamp="20231123 11:29:59.790" level="INFO">Releasing special key TAB.</msg>
<status status="PASS" starttime="20231123 11:29:59.790" endtime="20231123 11:29:59.814"/>
</kw>
<kw name="Press Keys" library="SeleniumLibrary">
<arg>None</arg>
<arg>TAB</arg>
<doc>Simulates the user pressing key(s) to an element or on the active browser.</doc>
<msg timestamp="20231123 11:29:59.822" level="INFO">Sending key(s) ('TAB',) to page.</msg>
<msg timestamp="20231123 11:29:59.822" level="INFO">Pressing special key TAB to browser.</msg>
<msg timestamp="20231123 11:29:59.822" level="INFO">Releasing special key TAB.</msg>
<status status="PASS" starttime="20231123 11:29:59.814" endtime="20231123 11:29:59.878"/>
</kw>
<kw name="Sleep" library="BuiltIn">
<arg>.05s</arg>
<doc>Pauses the test executed for the given time.</doc>
<msg timestamp="20231123 11:29:59.929" level="INFO">Slept 50 milliseconds</msg>
<status status="PASS" starttime="20231123 11:29:59.878" endtime="20231123 11:29:59.929"/>
</kw>
<status status="PASS" starttime="20231123 11:29:59.058" endtime="20231123 11:29:59.929"/>
</kw>
<status status="PASS" starttime="20231123 11:29:59.058" endtime="20231123 11:29:59.929"/>
</iter>
<iter>
<var name="${i}">1</var>
<kw name="Navegar até um perfil">
<kw name="Wait Until Element Is Visible" library="SeleniumLibrary">
<arg>${remove_follower}</arg>
<doc>Waits until the element ``locator`` is visible.</doc>
<status status="PASS" starttime="20231123 11:29:59.929" endtime="20231123 11:29:59.953"/>
</kw>
<kw name="Press Keys" library="SeleniumLibrary">
<arg>None</arg>
<arg>TAB</arg>
<doc>Simulates the user pressing key(s) to an element or on the active browser.</doc>
<msg timestamp="20231123 11:29:59.953" level="INFO">Sending key(s) ('TAB',) to page.</msg>
<msg timestamp="20231123 11:29:59.953" level="INFO">Pressing special key TAB to browser.</msg>
<msg timestamp="20231123 11:29:59.953" level="INFO">Releasing special key TAB.</msg>
<status status="PASS" starttime="20231123 11:29:59.953" endtime="20231123 11:30:00.033"/>
</kw>
<kw name="Press Keys" library="SeleniumLibrary">
<arg>None</arg>
<arg>TAB</arg>
<doc>Simulates the user pressing key(s) to an element or on the active browser.</doc>
<msg timestamp="20231123 11:30:00.033" level="INFO">Sending key(s) ('TAB',) to page.</msg>
<msg timestamp="20231123 11:30:00.033" level="INFO">Pressing special key TAB to browser.</msg>
<msg timestamp="20231123 11:30:00.033" level="INFO">Releasing special key TAB.</msg>
<status status="PASS" starttime="20231123 11:30:00.033" endtime="20231123 11:30:00.073"/>
</kw>
<kw name="Press Keys" library="SeleniumLibrary">
<arg>None</arg>
<arg>TAB</arg>
<doc>Simulates the user pressing key(s) to an element or on the active browser.</doc>
<msg timestamp="20231123 11:30:00.073" level="INFO">Sending key(s) ('TAB',) to page.</msg>
<msg timestamp="20231123 11:30:00.073" level="INFO">Pressing special key TAB to browser.</msg>
<msg timestamp="20231123 11:30:00.073" level="INFO">Releasing special key TAB.</msg>
<status status="PASS" starttime="20231123 11:30:00.073" endtime="20231123 11:30:00.259"/>
</kw>
<kw name="Sleep" library="BuiltIn">
<arg>.05s</arg>
<doc>Pauses the test executed for the given time.</doc>
<msg timestamp="20231123 11:30:00.315" level="INFO">Slept 50 milliseconds</msg>
<status status="PASS" starttime="20231123 11:30:00.259" endtime="20231123 11:30:00.315"/>
</kw>
<status status="PASS" starttime="20231123 11:29:59.929" endtime="20231123 11:30:00.315"/>
</kw>
<status status="PASS" starttime="20231123 11:29:59.929" endtime="20231123 11:30:00.315"/>
</iter>
<status status="PASS" starttime="20231123 11:29:59.058" endtime="20231123 11:30:00.315"/>
</for>
<kw name="Confirmar usuário">
<kw name="Press Keys" library="SeleniumLibrary">
<arg>None</arg>
<arg>ENTER</arg>
<doc>Simulates the user pressing key(s) to an element or on the active browser.</doc>
<msg timestamp="20231123 11:30:00.315" level="INFO">Sending key(s) ('ENTER',) to page.</msg>
<msg timestamp="20231123 11:30:00.315" level="INFO">Pressing special key ENTER to browser.</msg>
<msg timestamp="20231123 11:30:00.315" level="INFO">Releasing special key ENTER.</msg>
<status status="PASS" starttime="20231123 11:30:00.315" endtime="20231123 11:30:00.381"/>
</kw>
<status status="PASS" starttime="20231123 11:30:00.315" endtime="20231123 11:30:00.381"/>
</kw>
<kw name="Verificar se segue e entrar em mensagens">
<try>
<branch type="TRY">
<kw name="Wait Until Element Is Visible" library="SeleniumLibrary">
<arg>${follow_back_verify}</arg>
<arg>3s</arg>
<doc>Waits until the element ``locator`` is visible.</doc>
<msg timestamp="20231123 11:30:03.711" level="INFO" html="true">&lt;/td&gt;&lt;/tr&gt;&lt;tr&gt;&lt;td colspan="3"&gt;&lt;a href="selenium-screenshot-291.png"&gt;&lt;img src="selenium-screenshot-291.png" width="800px"&gt;&lt;/a&gt;</msg>
<msg timestamp="20231123 11:30:03.711" level="FAIL">Element 'css=span &gt; .x5n08af' not visible after 3 seconds.</msg>
<status status="FAIL" starttime="20231123 11:30:00.381" endtime="20231123 11:30:03.719"/>
</kw>
<kw name="Go Back" library="SeleniumLibrary">
<doc>Simulates the user clicking the back button on their browser.</doc>
<status status="NOT RUN" starttime="20231123 11:30:03.719" endtime="20231123 11:30:03.719"/>
</kw>
<status status="FAIL" starttime="20231123 11:30:00.381" endtime="20231123 11:30:03.719"/>
</branch>
<branch type="EXCEPT">
<kw name="Wait Until Element Is Visible" library="SeleniumLibrary">
<arg>${follow_back_button}</arg>
<doc>Waits until the element ``locator`` is visible.</doc>
<status status="PASS" starttime="20231123 11:30:03.719" endtime="20231123 11:30:03.775"/>
</kw>
<kw name="Click Button" library="SeleniumLibrary">
<arg>${follow_back_button}</arg>
<doc>Clicks the button identified by ``locator``.</doc>
<msg timestamp="20231123 11:30:03.775" level="INFO">Clicking button 'css=._acan'.</msg>
<status status="PASS" starttime="20231123 11:30:03.775" endtime="20231123 11:30:04.098"/>
</kw>
<try>
<branch type="TRY">
<kw name="Page Should Not Contain Element" library="SeleniumLibrary">
<arg>${stop_follow}</arg>
<doc>Verifies that element ``locator`` is not found on the current page.</doc>
<msg timestamp="20231123 11:30:04.121" level="INFO">Current page does not contain element 'css=._a9-_'.</msg>
<status status="PASS" starttime="20231123 11:30:04.106" endtime="20231123 11:30:04.121"/>
</kw>
<kw name="Wait Until Element Is Visible" library="SeleniumLibrary">
<arg>${message_button}</arg>
<arg>2s</arg>
<doc>Waits until the element ``locator`` is visible.</doc>
<status status="PASS" starttime="20231123 11:30:04.121" endtime="20231123 11:30:04.153"/>
</kw>
<kw name="Click Element" library="SeleniumLibrary">
<arg>${message_button}</arg>
<doc>Click the element identified by ``locator``.</doc>
<msg timestamp="20231123 11:30:04.153" level="INFO">Clicking element 'css=.xjyslct'.</msg>
<msg timestamp="20231123 11:30:05.669" level="INFO" html="true">&lt;/td&gt;&lt;/tr&gt;&lt;tr&gt;&lt;td colspan="3"&gt;&lt;a href="selenium-screenshot-292.png"&gt;&lt;img src="selenium-screenshot-292.png" width="800px"&gt;&lt;/a&gt;</msg>
<msg timestamp="20231123 11:30:05.669" level="FAIL">ElementClickInterceptedException: Message: element click intercepted: Element &lt;div class="x1i10hfl xjqpnuy xa49m3k xqeqjp1 x2hbi6w x972fbf xcfux6l x1qhh985 xm0m39n xdl72j9 x2lah0s xe8uvvx xdj266r x11i5rnm xat24cr x1mh8g0r x2lwn1j xeuugli xexx8yu x18d9i69 x1hl2dhg xggy1nq x1ja2u2z x1t137rt x1q0g3np x1lku1pv x1a2a7pz x6s0dn4 xjyslct x1lq5wgf xgqcy7u x30kzoy x9jhf4c x1ejq31n xd10rxx x1sy0etr x17r0tee x9f619 x1ypdohk x78zum5 x1f6kntn xwhw2v2 x10w6t97 xl56j7k x17ydfre x1swvt13 x1pi30zi x1n2onr6 x2b8uid xlyipyv x87ps6o x14atkfc xcdnw81 x1i0vuye x1gjpkn9 x5n08af xsz8vos" role="button" tabindex="0"&gt;...&lt;/div&gt; is not clickable at point (734, 54). Other element would receive the click: &lt;div class="x1qjc9v5 x9f619 x78zum5 xdt5ytf x1iyjqo2 xl56j7k" style="--fds-black: black; --fds-black-alpha-05: rgba(0, 0, 0, 0.05); --fds-black-alpha-10: rgba(0, 0, 0, 0.1); --fds-black-alpha-15: rgba(0, 0, 0, 0.15); --fds-black-alpha-20: rgba(0, 0, 0, 0.2); --fds-black-alpha-30: rgba(0, 0, 0, 0.3); --fds-black-alpha-40: rgba(0, 0, 0, 0.4); --fds-black-alpha-50: rgba(0, 0, 0, 0.5); --fds-black-alpha-60: rgba(0, 0, 0, 0.6); --fds-black-alpha-80: rgba(0, 0, 0, 0.8); --fds-blue-05: black; --fds-blue-30: black; --fds-blue-40: black; --fds-blue-60: black; --fds-blue-70: black; --fds-blue-80: black; --fds-button-text: black; --fds-comment-background: black; --fds-dark-mode-gray-35: black; --fds-dark-mode-gray-50: black; --fds-dark-mode-gray-70: black; --fds-dark-mode-gray-80: black; --fds-dark-mode-gray-90: black; --fds-dark-mode-gray-100: black; --fds-gray-00: black; --fds-gray-05: black; --fds-gray-10: black; --fds-gray-20: black; --fds-gray-25: black; --fds-gray-30: black; --fds-gray-45: black; --fds-gray-70: black; --fds-gray-80: black; --fds-gray-90: black; --fds-gray-100: black; --fds-green-55: black; --fds-highlight: black; --fds-highlight-cell-background: black; --fds-primary-icon: white; --fds-primary-text: white; --fds-red-55: black; --fds-soft: cubic-bezier(.08,.52,.52,1); --fds-spectrum-aluminum-tint-70: black; --fds-spectrum-blue-gray-tint-70: black; --fds-spectrum-cherry: black; --fds-spectrum-cherry-tint-70: black; --fds-spectrum-grape-tint-70: black; --fds-spectrum-grape-tint-90: black; --fds-spectrum-lemon-dark-1: black; --fds-spectrum-lemon-tint-70: black; --fds-spectrum-lime: black; --fds-spectrum-lime-tint-70: black; --fds-spectrum-orange-tint-70: black; --fds-spectrum-orange-tint-90: black; --fds-spectrum-seafoam-tint-70: black; --fds-spectrum-slate-dark-2: black; --fds-spectrum-slate-tint-70: black; --fds-spectrum-teal: black; --fds-spectrum-teal-dark-1: black; --fds-spectrum-teal-dark-2: black; --fds-spectrum-teal-tint-70: black; --fds-spectrum-teal-tint-90: black; --fds-spectrum-tomato: black; --fds-spectrum-tomato-tint-30: black; --fds-spectrum-tomato-tint-90: black; --fds-strong: cubic-bezier(.12,.8,.32,1); --fds-white: black; --fds-white-alpha-05: rgba(255, 255, 255, 0.05); --fds-white-alpha-10: rgba(255, 255, 255, 0.1); --fds-white-alpha-20: rgba(255, 255, 255, 0.2); --fds-white-alpha-30: rgba(255, 255, 255, 0.3); --fds-white-alpha-40: rgba(255, 255, 255, 0.4); --fds-white-alpha-50: rgba(255, 255, 255, 0.5); --fds-white-alpha-60: rgba(255, 255, 255, 0.6); --fds-white-alpha-80: rgba(255, 255, 255, 0.8); --fds-yellow-20: black; --accent: #0095F6; --always-white: white; --always-black: black; --always-dark-gradient: linear-gradient(rgba(0,0,0,0), rgba(0,0,0,0.6)); --always-dark-overlay: rgba(0, 0, 0, 0.4); --always-light-overlay: rgba(255, 255, 255, 0.4); --always-gray-40: #65676B; --always-gray-75: #BCC0C4; --always-gray-95: #F0F2F5; --attachment-footer-background: rgba(255,255,255,0.1); --background-deemphasized: rgba(255,255,255,0.1); --badge-background-color-blue: var(--accent); --badge-background-color-dark-gray: var(--secondary-icon); --badge-background-color-gray: var(--disabled-icon); --badge-background-color-green: var(--positive); --badge-background-color-light-blue: var(--highlight-bg); --badge-background-color-red: var(--notification-badge); --badge-background-color-yellow: var(--base-lemon); --base-blue: #1877F2; --base-cherry: #F3425F; --base-grape: #9360F7; --base-lemon: #F7B928; --base-lime: #45BD62; --base-pink: #FF66BF; --base-seafoam: #54C7EC; --base-teal: #2ABBA7; --base-tomato: #FB724B; --text-badge-info-background: hsl(214, 100%, 59%); --text-badge-success-background: #31A24C; --text-badge-attention-background: hsl(40, 89%, 52%); --text-badge-critical-background: #e41e3f; --blue-link: #00376B; --border-focused: #8A8D91; --card-background: #242526; --card-background-flat: #323436; --comment-background: #3A3B3C; --comment-footer-background: #4E4F50; --dataviz-primary-1: rgb(48,200,180); --disabled-button-background: rgba(255, 255, 255, 0.2); --disabled-button-text: rgba(255, 255, 255, 0.3); --disabled-icon: rgba(255, 255, 255, 0.3); --disabled-text: rgba(255, 255, 255, 0.3); --divider: #3E4042; --event-date: #F3425F; --fb-wordmark: #FFFFFF; --fb-logo: #0866FF; --filter-accent: invert(40%) sepia(52%) saturate(200%) saturate(200%) saturate(200%) saturate(189%) hue-rotate(191deg) brightness(103%) contrast(102%); --filter-always-white: invert(100%); --filter-disabled-icon: invert(100%) opacity(30%); --filter-placeholder-icon: invert(59%) sepia(11%) saturate(200%) saturate(135%) hue-rotate(176deg) brightness(96%) contrast(94%); --filter-primary-accent: invert(40%) sepia(52%) saturate(200%) saturate(200%) saturate(200%) saturate(189%) hue-rotate(191deg) brightness(103%) contrast(102%); --filter-primary-icon: invert(89%) sepia(6%) hue-rotate(185deg); --filter-secondary-icon: invert(62%) sepia(98%) saturate(12%) hue-rotate(175deg) brightness(90%) contrast(96%); --filter-warning-icon: invert(77%) sepia(29%) saturate(200%) saturate(200%) saturate(200%) saturate(200%) saturate(200%) saturate(128%) hue-rotate(359deg) brightness(102%) contrast(107%); --filter-blue-link-icon: invert(73%) sepia(29%) saturate(200%) saturate(200%) saturate(200%) saturate(200%) saturate(200%) saturate(200%) saturate(103.25%) hue-rotate(189deg) brightness(101%) contrast(101%); --filter-positive: invert(37%) sepia(61%) saturate(200%) saturate(200%) saturate(200%) saturate(200%) saturate(115%) hue-rotate(91deg) brightness(97%) contrast(105%); --filter-negative: invert(25%) sepia(33%) saturate(200%) saturate(200%) saturate(200%) saturate(200%) saturate(200%) saturate(200%) saturate(110%) hue-rotate(345deg) brightness(132%) contrast(96%); --focus-ring-blue: #1877F2; --glimmer-spinner-icon: white; --hero-banner-background: #E85D07; --hosted-view-selected-state: rgba(45, 136, 255, 0.1); --highlight-bg: rgba(24, 119, 242, .31); --hover-overlay: rgba(255, 255, 255, 0.1); --list-cell-chevron: #B0B3B8; --media-hover: rgba(68, 73, 80, 0.15); --media-inner-border: rgba(255, 255, 255, 0.05); --media-outer-border: #33363A; --media-pressed: rgba(68, 73, 80, 0.35); --messenger-card-background: #242526; --messenger-reply-background: #18191A; --overlay-alpha-80: rgba(0, 0, 0, 0.65); --overlay-on-media: rgba(0, 0, 0, 0.6); --nav-bar-background: #242526; --nav-bar-background-gradient: linear-gradient(to top, #242526, rgba(36,37,38,.9), rgba(36,37,38,.7), rgba(36,37,38,.4), rgba(36,37,38,0)); --nav-bar-background-gradient-wash: linear-gradient(to top, #18191A, rgba(24,25,26,.9), rgba(24,25,26,.7), rgba(24,25,26,.4), rgba(24,25,26,0)); --negative: hsl(350, 87%, 55%); --negative-background: hsl(350, 87%, 55%, 20%); --new-notification-background: #E7F3FF; --non-media-pressed: rgba(68, 73, 80, 0.15); --non-media-pressed-on-dark: rgba(255, 255, 255, 0.3); --notification-badge: #e41e3f; --placeholder-icon: #8A8D91; --placeholder-image: rgb(164, 167, 171); --placeholder-text: #8A8D91; --placeholder-text-on-media: rgba(255, 255, 255, 0.5); --popover-background: #3E4042; --positive: #31A24C; --positive-background: #1F3520; --press-overlay: rgba(255, 255, 255, 0.1); --primary-button-background: #0095F6; --primary-button-icon: #FFFFFF; --primary-button-pressed: #77A7FF; --primary-button-text: #FFFFFF; --primary-deemphasized-button-background: rgba(45, 136, 255, 0.2); --primary-deemphasized-button-pressed: rgba(24, 119, 242, 0.2); --primary-deemphasized-button-pressed-overlay: rgba(25, 110, 255, 0.15); --primary-deemphasized-button-text: #2D88FF; --primary-icon: #E4E6EB; --primary-text: #E4E6EB; --primary-text-on-media: white; --primary-web-focus-indicator: #D24294; --progress-ring-neutral-background: rgba(255, 255, 255, 0.2); --progress-ring-neutral-foreground: #ffffff; --progress-ring-on-media-background: rgba(255, 255, 255, 0.2); --progress-ring-on-media-foreground: #FFFFFF; --progress-ring-blue-background: rgba(45, 136, 255, 0.2); --progress-ring-blue-foreground: hsl(214, 100%, 59%); --progress-ring-disabled-background: rgba(122,125,130, 0.2); --progress-ring-disabled-foreground: #7A7D82; --rating-star-active: #FF9831; --scroll-thumb: rgba(255, 255, 255, 0.3); --scroll-shadow: 0 1px 2px rgba(0, 0, 0, 0.1), 0 -1px rgba(255, 255, 255, 0.05) inset; --secondary-button-background: rgba(255,255,255,.1); --secondary-button-background-floating: #4B4C4F; --secondary-button-background-on-dark: rgba(255, 255, 255, 0.4); --secondary-button-pressed: rgba(0, 0, 0, 0.05); --secondary-button-stroke: transparent; --secondary-button-text: #E4E6EB; --secondary-icon: #B0B3B8; --secondary-text: #B0B3B8; --secondary-text-on-media: rgba(255, 255, 255, 0.9); --section-header-text: #BCC0C4; --shadow-1: rgba(0, 0, 0, 0.1); --shadow-2: rgba(0, 0, 0, 0.2); --shadow-5: rgba(0, 0, 0, 0.5); --shadow-8: rgba(0, 0, 0, 0.8); --shadow-inset: rgba(255, 255, 255, 0.05); --shadow-elevated: 0 8px 20px 0 rgba(0, 0, 0, 0.2), 0 2px 4px 0 rgba(0, 0, 0, 0.1); --shadow-persistent: 0px 0px 12px rgba(28, 43, 51, 0.6); --shadow-primary: 0px 0px 12px rgba(28, 43, 51, 0.1); --surface-background: #242526; --switch-active: hsl(214, 100%, 59%); --text-highlight: rgba(24, 119, 242, 0.45); --input-background: #242526; --input-background-disabled: #18191A; --input-border-color: #3E4042; --input-border-color-hover: var(--placeholder-text); --input-label-color-highlighted: hsl(214, 100%, 59%); --text-input-outside-label: #FFFFFF; --toast-background: #242526; --toast-text: #FFFFFF; --toast-text-link: #4599FF; --toggle-active-background: rgb(45, 136, 255); --toggle-active-icon: #FFFFFF; --toggle-active-text: #FFFFFF; --toggle-button-active-background: #E6F2FF; --tooltip-background: rgba(11, 11, 11, 0.8); --tooltip-box-shadow: 0 2px 4px 0 var(--shadow-5); --wash: #3E4042; --web-wash: #18191A; --warning: hsl(40, 89%, 52%); --chat-bubble-padding-vertical: 8px; --chat-bubble-padding-horizontal: 12px; --chat-bubble-border-radius: 18px; --chat-text-blockquote-color-background-line: rgba(255, 255, 255, 0.19); --chat-text-blockquote-color-text-primary-media: rgba(255, 255, 255, 0.7); --chat-incoming-message-bubble-background-color: #303030; --chat-replied-message-background-color: rgba(255, 255, 255, 0.12); --radio-border-color: var(--primary-icon); --radio-border-color-disabled: var(--disabled-button-background); --radio-border-color-selected: var(--accent); --radio-checked-icon-color: var(--accent); --radio-checked-icon-color-disabled: var(--disabled-button-background); --fb-logo-color: #2D88FF; --dialog-anchor-vertical-padding: 56px; --header-height: 0px; --global-panel-width: 0px; --global-panel-width-expanded: 0px; --alert-banner-corner-radius: 8px; --button-corner-radius: 4px; --button-corner-radius-medium: 10px; --button-corner-radius-large: 12px; --button-height-large: 40px; --button-height-medium: 36px; --button-padding-horizontal-large: 16px; --button-padding-horizontal-medium: 16px; --button-icon-padding-large: 16px; --button-icon-padding-medium: 16px; --button-inner-icon-spacing-large: 3px; --button-inner-icon-spacing-medium: 3px; --blueprint-button-height-medium: 40px; --blueprint-button-height-large: 48px; --card-corner-radius: 4px; --card-box-shadow: 0 12px 28px 0 var(--shadow-2), 0 2px 4px 0 var(--shadow-1); --card-padding-horizontal: 10px; --card-padding-vertical: 20px; --chip-corner-radius: 6px; --dialog-corner-radius: 8px; --glimmer-corner-radius: 8px; --image-corner-radius: 4px; --input-corner-radius: 6px; --input-border-width: 1px; --nav-list-cell-corner-radius: 8px; --list-cell-corner-radius: 8px; --list-cell-min-height: 52px; --list-cell-padding-vertical: 20px; --list-cell-padding-vertical-with-addon: 14px; --menu-item-base-margin-horizontal: 8px; --menu-item-base-padding-horizontal: 8px; --nav-list-cell-min-height: 0px; --nav-list-cell-padding-vertical: 16px; --nav-list-cell-padding-vertical-with-addon: 16px; --page-footer-padding-vertical: 16px; --section-header-addOnEnd-margin-horizontal: 8px; --section-header-addOnStart-margin-horizontal: 12px; --section-header-addOnEnd-button-padding-horizontal: 0px; --section-header-addOnEnd-button-padding-vertical: 0px; --section-header-padding-vertical: 16px; --section-header-subtitle-margin-vertical: 14px; --section-header-subtitle-with-addOnEnd-margin-vertical: 6px; --text-badge-corner-radius: 4px; --text-badge-padding-horizontal: 6px; --text-badge-padding-vertical: 6px; --text-input-multi-padding-between-text-scrollbar: 20px; --text-input-multi-padding-scrollbar: 16px; --text-input-caption-margin-top: 10px; --text-input-label-top: 22px; --text-input-min-height: 64px; --text-input-padding-vertical: 12px; --toast-addon-padding-horizontal: 6px; --toast-addon-padding-vertical: 6px; --toast-container-max-width: 100%; --toast-container-min-width: 288px; --toast-container-padding-horizontal: 10px; --toast-container-padding-vertical: 16px; --toast-corner-radius: 8px; --tooltip-corner-radius: 8px; --typeahead-list-outer-padding-vertical: 2px; --fds-animation-enter-exit-in: cubic-bezier(0.14, 1, 0.34, 1); --fds-animation-enter-exit-out: cubic-bezier(0.45, 0.1, 0.2, 1); --fds-animation-swap-shuffle-in: cubic-bezier(0.14, 1, 0.34, 1); --fds-animation-swap-shuffle-out: cubic-bezier(0.45, 0.1, 0.2, 1); --fds-animation-move-in: cubic-bezier(0.17, 0.17, 0, 1); --fds-animation-move-out: cubic-bezier(0.17, 0.17, 0, 1); --fds-animation-expand-collapse-in: cubic-bezier(0.17, 0.17, 0, 1); --fds-animation-expand-collapse-out: cubic-bezier(0.17, 0.17, 0, 1); --fds-animation-passive-move-in: cubic-bezier(0.5, 0, 0.1, 1); --fds-animation-passive-move-out: cubic-bezier(0.5, 0, 0.1, 1); --fds-animation-quick-move-in: cubic-bezier(0.1, 0.9, 0.2, 1); --fds-animation-quick-move-out: cubic-bezier(0.1, 0.9, 0.2, 1); --fds-animation-fade-in: cubic-bezier(0, 0, 1, 1); --fds-animation-fade-out: cubic-bezier(0, 0, 1, 1); --fds-duration-extra-extra-short-in: 100ms; --fds-duration-extra-extra-short-out: 100ms; --fds-duration-extra-short-in: 200ms; --fds-duration-extra-short-out: 150ms; --fds-duration-short-in: 280ms; --fds-duration-short-out: 200ms; --fds-duration-medium-in: 400ms; --fds-duration-medium-out: 350ms; --fds-duration-long-in: 500ms; --fds-duration-long-out: 350ms; --fds-duration-extra-long-in: 1000ms; --fds-duration-extra-long-out: 1000ms; --fds-duration-none: 0ms; --fds-fast: 200ms; --fds-slow: 400ms; --font-family-apple: system-ui, -apple-system, BlinkMacSystemFont, '.SFNSText-Regular', sans-serif; --font-family-code: ui-monospace, Menlo, Consolas, Monaco, monospace; --font-family-default: Helvetica, Arial, sans-serif; --font-family-segoe: Segoe UI Historic, Segoe UI, Helvetica, Arial, sans-serif; --body-font-family: Placeholder Font; --body-font-size: 0.9375rem; --body-font-weight: 400; --body-line-height: 1.3333; --body-emphasized-font-family: Placeholder Font; --body-emphasized-font-size: 0.9375rem; --body-emphasized-font-weight: 600; --body-emphasized-line-height: 1.3333; --headline1-font-family: Optimistic Display Bold, system-ui, sans-serif; --headline1-font-size: 1.75rem; --headline1-font-weight: 700; --headline1-line-height: 1.2143; --headline2-font-family: Optimistic Display Bold, system-ui, sans-serif; --headline2-font-size: 1.5rem; --headline2-font-weight: 700; --headline2-line-height: 1.25; --headline3-font-family: Optimistic Display Bold, system-ui, sans-serif; --headline3-font-size: 1.0625rem; --headline3-font-weight: 700; --headline3-line-height: 1.2941; --meta-font-family: Placeholder Font; --meta-font-size: 0.8125rem; --meta-font-weight: 400; --meta-line-height: 1.3846; --meta-emphasized-font-family: Placeholder Font; --meta-emphasized-font-size: 0.8125rem; --meta-emphasized-font-weight: 600; --meta-emphasized-line-height: 1.3846; --primary-label-font-family: Optimistic Display Medium, system-ui, sans-serif; --primary-label-font-size: 1.0625rem; --primary-label-font-weight: 500; --primary-label-line-height: 1.2941; --secondary-label-font-family: Placeholder Font; --secondary-label-font-size: 0.9375rem; --secondary-label-font-weight: 500; --secondary-label-line-height: 1.3333; --tertiary-label-font-family: Placeholder Font; --tertiary-label-font-size: 0.6875rem; --tertiary-label-font-weight: 500; --tertiary-label-line-height: 1.4545; --text-input-field-font-family: Placeholder Font; --text-input-field-font-size: 1rem; --text-input-field-font-weight: 500; --text-input-field-line-height: 1.2941; --text-input-label-font-family: Placeholder Font; --text-input-label-font-size: 17px; --text-input-label-font-size-scale-multiplier: 0.75; --text-input-label-font-weight: 400; --text-input-label-line-height: 1.2941; --dialog-size-medium-max-width: 700px; --dialog-size-medium-width: 100%; --dialog-size-small-max-width: 548px; --dialog-size-small-width: 100%; --focus-ring-outline-link: 2px auto var(--focus-ring-blue); --focus-ring-shadow-default: 0 0 0 2px var(--always-white), 0 0 0 4px var(--focus-ring-blue); --focus-ring-shadow-inset: 0 0 0 2px var(--focus-ring-blue) inset, 0 0 0 4px var(--always-white) inset; --glimmer-animation-direction: alternate; --glimmer-animation-duration: 1000ms; --glimmer-animation-timing-function: steps(10, end); --glimmer-opacity-min: 0.25; --glimmer-opacity-max: 1; --radio-checked-icon-size-large: 12px; --radio-checked-icon-size-medium: 12px; --radio-border-width: 2px; --radio-size-large: 24px; --radio-size-medium: 20px; --dataviz-primary-2: rgb(134,218,255); --dataviz-primary-3: rgb(95,170,255); --dataviz-secondary-1: rgb(129,77,231); --dataviz-secondary-2: rgb(168,124,255); --dataviz-secondary-3: rgb(219,26,139); --dataviz-supplementary-1: rgb(255,122,105); --dataviz-supplementary-2: rgb(241,168,23); --dataviz-supplementary-3: rgb(49,162,76); --dataviz-supplementary-4: rgb(228,230,235); --base-unit: 4px; --blue-0: 245, 251, 255; --blue-1: 224, 241, 255; --blue-2: 179, 219, 255; --blue-3: 112, 188, 255; --blue-4: 71, 175, 255; --blue-5: 0, 149, 246; --blue-6: 0, 116, 204; --blue-7: 0, 87, 163; --blue-8: 0, 55, 107; --blue-9: 0, 41, 82; --breakpoint-medium-width: 1536px; --breakpoint-small-width: 1024px; --challenge-width: 460px; --creation-header-height: 43px; --creation-min-padding-x: 32px; --creation-modal-max-height: 898px; --creation-modal-min-height: 391px; --creation-padding-x: 64px; --creation-padding-y: 112px; --creation-settings-width: 340px; --cyan-5: 39, 196, 245; --desktop-grid-item-margin: 28px; --desktop-grid-item-margin-slim: 4px; --desktop-in-feed-story-item-height: 208px; --desktop-in-feed-story-item-width: 116px; --desktop-nav-height: 60px; --desktop-skinny-nav-height: 60px; --desktop-story-tray-bottom-margin: 48px; --desktop-story-tray-bottom-margin-denser: 24px; --direct-attachment-image-grid-item-size: 78px; --direct-attachment-story-height: 150px; --direct-attachment-story-large-height: 256px; --direct-attachment-story-large-width: 164px; --direct-attachment-story-width: 84px; --direct-message-max-width: 236px; --fb-signup-page-profile-pic-size: 88px; --feed-sidebar-padding: 32px; --feed-sidebar-width: 319px; --feed-width: 470px; --feed-width-wide-story: 630px; --font-family-system: -apple-system, BlinkMacSystemFont, &amp;quot;Segoe UI&amp;quot;, Roboto, Helvetica, Arial, sans-serif; --font-family-system-prism: &amp;quot;Instagram Sans UI&amp;quot;, -apple-system, BlinkMacSystemFont, &amp;quot;Segoe UI&amp;quot;, Roboto, Helvetica, Arial, sans-serif; --font-weight-system-bold: 700; --font-weight-system-extra-bold: 800; --font-weight-system-extra-light: 200; --font-weight-system-light: 300; --font-weight-system-medium: 500; --font-weight-system-regular: 400; --font-weight-system-semibold: 600; --footer-width-wide: 1150px; --gradient-lavender: 211, 0, 197; --gradient-orange: 255, 122, 0; --gradient-pink: 255, 1, 105; --gradient-purple: 118, 56, 250; --gradient-red: 255, 48, 64; --gradient-yellow: 255, 214, 0; --green-4: 120, 222, 69; --green-5: 88, 195, 34; --green-6: 55, 166, 0; --grey-0: 245, 245, 245; --grey-1: 239, 239, 239; --grey-2: 219, 219, 219; --grey-3: 199, 199, 199; --grey-4: 168, 168, 168; --grey-5: 142, 142, 142; --grey-6: 115, 115, 115; --grey-7: 85, 85, 85; --grey-8: 54, 54, 54; --grey-9: 38, 38, 38; --grey-10: 26, 26, 26; --grey-0-prism: 248, 249, 249; --grey-1-prism: 243, 245, 247; --grey-2-prism: 233, 237, 240; --grey-3-prism: 219, 223, 228; --grey-4-prism: 162, 170, 180; --grey-5-prism: 131, 137, 147; --grey-6-prism: 111, 118, 128; --grey-7-prism: 94, 100, 109; --grey-8-prism: 50, 53, 57; --grey-9-prism: 41, 41, 46; --grey-10-prism: 33, 35, 38; --ig-badge: 255, 48, 64; --ig-close-friends-refreshed: 28, 209, 79; --ig-disabled-action-text: 169, 219, 255; --ig-error-or-destructive: 237, 73, 86; --ig-facebook-blue: 53, 121, 234; --ig-live-badge: 255, 1, 105; --ig-primary-button: 0, 149, 246; --ig-primary-button-hover: 24, 119, 242; --ig-secondary-icon: 142, 142, 142; --ig-stroke-on-media: 255, 255, 255; --ig-tertiary-button-background: 255, 255, 255; --ig-tertiary-button-border: 219, 219, 219; --ig-tertiary-button-hover: 245, 245, 245; --ig-tertiary-button-text: 38, 38, 38; --ig-subscribers-only: 118, 56, 250; --ig-success: 88, 195, 34; --ig-text-on-color: 255, 255, 255; --ig-text-on-media: 255, 255, 255; --in-feed-story-item-height: 240px; --in-feed-story-item-width: 135px; --in-feed-story-item-padding: 12px; --input-border-radius: 6px; --large-layout-min: 1500px; --live-video-border-radius: 4px; --media-content-card-width: 350px; --media-content-card-width-small: 300px; --media-info: 335px; --medium-layout-max: 1499px; --medium-layout-min: 1080px; --medium-screen-max: 875px; --medium-screen-min: 736px; --mobile-grid-item-margin: 2px; --mobile-nav-height: 45px; --modal-backdrop-dark: rgba(0, 0, 0, 0.85); --modal-backdrop-default: rgba(0, 0, 0, 0.65); --modal-border-radius: 12px; --modal-padding: 16px; --modal-z-index: 100; --nav-narrow-width: 72px; --nav-medium-width: 244px; --nav-wide-width: 335px; --nav-bottom-screen-max: 767px; --nav-narrow-screen-min: 768px; --nav-medium-screen-min: 1264px; --nav-wide-screen-min: 1920px; --orange-5: 253, 141, 50; --photo: 600px; --pink-5: 209, 8, 105; --purple-5: 163, 7, 186; --red-4: 255, 104, 116; --red-5: 237, 73, 86; --red-6: 198, 35, 48; --red-7: 167, 3, 17; --reels-large-screen-min: 1366px; --refinement-section-height: 50px; --revamp-nav-bottom-toolbar-height: 50px; --revamp-feed-card-max-height: 835px; --revamp-feed-card-min-height: 615px; --revamp-feed-card-media-min-width: 390px; --revamp-feed-card-dense-padding: 16px; --revamp-feed-item-spacing: 20px; --revamp-feed-horizontal-padding-small-screen: 24px; --revamp-feed-horizontal-padding-large-screen: 32px; --revamp-feed-vertical-padding: 32px; --right-rail-width: 300px; --scrollable-content-header-height-large: 56px; --scrollable-content-header-height-med: 49px; --scrollable-content-header-height: 44px; --search-box-height: 40px; --search-modal-height-expanded: 450px; --search-modal-height: 362px; --search-modal-top-offset: 12px; --search-result-height: 50px; --search-result-inline-top-offset: 60px; --search-result-list-width: 375px; --site-width-narrow: 600px; --site-width-wide: 935px; --small-layout-max: 1079px; --small-layout-min: 800px; --small-screen-max: 735px; --small-screen-min: 414px; --story-progressbar-update-tick: 0.1s; --story-swap-animation-duration: 350ms; --system-10-font-size: 10px; --system-10-line-height: 12px; --system-11-font-size: 11px; --system-11-line-height: 13px; --system-12-font-size: 12px; --system-12-line-height: 16px; --system-14-font-size: 14px; --system-14-line-height: 18px; --system-16-font-size: 16px; --system-16-line-height: 20px; --system-18-font-size: 18px; --system-18-line-height: 24px; --system-20-font-size: 20px; --system-20-line-height: 25px; --system-22-font-size: 22px; --system-22-line-height: 26px; --system-24-font-size: 24px; --system-24-line-height: 27px; --system-26-font-size: 26px; --system-26-line-height: 28px; --system-28-font-size: 28px; --system-28-line-height: 32px; --system-30-font-size: 30px; --system-30-line-height: 36px; --system-32-font-size: 32px; --system-32-line-height: 40px; --web-always-black: 0, 0, 0; --web-always-white: 255, 255, 255; --web-overlay-on-media: 38, 38, 38; --web-prism-black: 15, 20, 25; --web-secondary-action: 224, 241, 255; --yellow-5: 253, 203, 92; --barcelona-logo: 255, 255, 255; --challenge-link: 219, 219, 219; --ig-banner-background: 38, 38, 38; --ig-elevated-background: 38, 38, 38; --ig-elevated-highlight-background: 54, 54, 54; --ig-elevated-separator: 54, 54, 54; --ig-focus-stroke: 85, 85, 85; --ig-highlight-background: 38, 38, 38; --ig-hover-overlay: 255, 255, 255, 0.1; --ig-link: 224, 241, 255; --ig-primary-background: 0, 0, 0; --ig-primary-icon: 245, 245, 245; --ig-primary-text: 245, 245, 245; --ig-secondary-background: 26, 26, 26; --ig-secondary-button: 245, 245, 245; --ig-secondary-button-background: 85, 85, 85, 0.7; --ig-secondary-button-hover: 54, 54, 54; --ig-secondary-text: 168, 168, 168; --ig-separator: 38, 38, 38; --ig-stroke: 54, 54, 54; --ig-temporary-highlight: 0, 149, 246; --ig-tertiary-icon: 115, 115, 115; --ig-tertiary-text: 115, 115, 115; --post-separator: 38, 38, 38; --tos-box-shadow: 255, 255, 255; --ig-primary-link-pressed-prism-ab: 233, 237, 240; --ig-primary-link-pressed-prism-c: 0, 116, 204; --ig-primary-link-prism-ab: 248, 249, 249; --ig-primary-link-prism-c: 0, 149, 246; --ig-primary-button-text-pressed-prism-ab: 41, 41, 46; --ig-primary-button-text-pressed-prism-c: 248, 249, 249; --ig-primary-button-text-prism-ab: 15, 20, 25; --ig-primary-button-text-prism-c: 255, 255, 255; --ig-primary-button-text-disabled-prism-ab: 50, 53, 57; --ig-primary-text-disabled-prism-c: 162, 170, 180; --ig-primary-link-disabled-prism-ab: 94, 100, 109; --ig-primary-link-disabled-prism-c: 0, 55, 107; --ig-secondary-link-prism-ab: 179, 219, 255; --ig-secondary-link-prism-c: 248, 249, 249; --ig-secondary-link-disabled-prism-ab: 0, 55, 107; --ig-secondary-link-disabled-prism-c: 94, 100, 109; --ig-secondary-button-text-pressed-prism-ab: 233, 237, 240; --ig-secondary-button-text-pressed-prism-c: 233, 237, 240; --ig-secondary-button-text-prism: 248, 249, 249; --ig-secondary-button-text-disabled-prism-ab: 94, 100, 109; --ig-primary-button-prism-ab: 248, 249, 249; --ig-primary-button-prism-c: 0, 149, 246; --ig-primary-button-pressed-prism-ab: 233, 237, 240; --ig-primary-button-pressed-prism-c: 0, 116, 204; --ig-primary-button-disabled-prism-ab: 94, 100, 109; --ig-primary-button-disabled-prism-c: 0, 55, 107; --ig-secondary-button-prism-ab: 15, 20, 25; --ig-secondary-button-prism-c: 41, 41, 46; --ig-toggle-background-on-prism: 248, 249, 249; --ig-toggle-background-off-prism: 50, 53, 57; --ig-toggle-background-disabled-on-prism: 111, 118, 128; --ig-toggle-background-disabled-off-prism: 41, 41, 46; --ig-toggle-outline-prism: 219, 223, 228; --ig-toggle-outline-disabled-prism: 94, 100, 109; --ig-stroke-prism: 15, 20, 25; --ig-stroke-disabled-on-prism: 50, 53, 57; --ig-stroke-disabled-off-prism: 33, 35, 38;"&gt;...&lt;/div&gt;
  (Session info: chrome=119.0.6045.160)
Stacktrace:
	GetHandleVerifier [0x00007FF7DEA282B2+55298]
	(No symbol) [0x00007FF7DE995E02]
	(No symbol) [0x00007FF7DE8505AB]
	(No symbol) [0x00007FF7DE897A77]
	(No symbol) [0x00007FF7DE895E39]
	(No symbol) [0x00007FF7DE893C08]
	(No symbol) [0x00007FF7DE892C8A]
	(No symbol) [0x00007FF7DE8887BF]
	(No symbol) [0x00007FF7DE8B20AA]
	(No symbol) [0x00007FF7DE8880CF]
	(No symbol) [0x00007FF7DE8B22C0]
	(No symbol) [0x00007FF7DE8CAAA4]
	(No symbol) [0x00007FF7DE8B1E83]
	(No symbol) [0x00007FF7DE88670A]
	(No symbol) [0x00007FF7DE887964]
	GetHandleVerifier [0x00007FF7DEDA0AAB+3694587]
	GetHandleVerifier [0x00007FF7DEDF728E+4048862]
	GetHandleVerifier [0x00007FF7DEDEF173+4015811]
	GetHandleVerifier [0x00007FF7DEAC47D6+695590]
	(No symbol) [0x00007FF7DE9A0CE8]
	(No symbol) [0x00007FF7DE99CF34]
	(No symbol) [0x00007FF7DE99D062]
	(No symbol) [0x00007FF7DE98D3A3]
	BaseThreadInitThunk [0x00007FFC8B227614+20]
	RtlUserThreadStart [0x00007FFC8B6A26B1+33]
</msg>
<status status="FAIL" starttime="20231123 11:30:04.153" endtime="20231123 11:30:05.678"/>
</kw>
<kw name="Wait Until Element Is Visible" library="SeleniumLibrary">
<arg>${message_box}</arg>
<doc>Waits until the element ``locator`` is visible.</doc>
<status status="NOT RUN" starttime="20231123 11:30:05.678" endtime="20231123 11:30:05.678"/>
</kw>
<kw name="Click Element" library="SeleniumLibrary">
<arg>${message_box}</arg>
<doc>Click the element identified by ``locator``.</doc>
<status status="NOT RUN" starttime="20231123 11:30:05.678" endtime="20231123 11:30:05.678"/>
</kw>
<kw name="Sleep" library="BuiltIn">
<arg>.2s</arg>
<doc>Pauses the test executed for the given time.</doc>
<status status="NOT RUN" starttime="20231123 11:30:05.678" endtime="20231123 11:30:05.678"/>
</kw>
<kw name="Press Keys" library="SeleniumLibrary">
<arg>None</arg>
<arg>${message_content}</arg>
<doc>Simulates the user pressing key(s) to an element or on the active browser.</doc>
<status status="NOT RUN" starttime="20231123 11:30:05.678" endtime="20231123 11:30:05.678"/>
</kw>
<kw name="Press Keys" library="SeleniumLibrary">
<arg>None</arg>
<arg>ENTER</arg>
<doc>Simulates the user pressing key(s) to an element or on the active browser.</doc>
<status status="NOT RUN" starttime="20231123 11:30:05.678" endtime="20231123 11:30:05.678"/>
</kw>
<kw name="Entrar no perfil">
<status status="NOT RUN" starttime="20231123 11:30:05.678" endtime="20231123 11:30:05.678"/>
</kw>
<kw name="Entrar em seguidores">
<status status="NOT RUN" starttime="20231123 11:30:05.678" endtime="20231123 11:30:05.678"/>
</kw>
<status status="FAIL" starttime="20231123 11:30:04.098" endtime="20231123 11:30:05.678"/>
</branch>
<branch type="EXCEPT">
<kw name="Press Keys" library="SeleniumLibrary">
<arg>None</arg>
<arg>ESC</arg>
<doc>Simulates the user pressing key(s) to an element or on the active browser.</doc>
<msg timestamp="20231123 11:30:05.678" level="INFO">Sending key(s) ('ESC',) to page.</msg>
<msg timestamp="20231123 11:30:05.678" level="INFO">Pressing special key ESCAPE to browser.</msg>
<msg timestamp="20231123 11:30:05.678" level="INFO">Releasing special key ESCAPE.</msg>
<status status="PASS" starttime="20231123 11:30:05.678" endtime="20231123 11:30:05.801"/>
</kw>
<kw name="Go Back" library="SeleniumLibrary">
<doc>Simulates the user clicking the back button on their browser.</doc>
<status status="PASS" starttime="20231123 11:30:05.801" endtime="20231123 11:30:06.312"/>
</kw>
<status status="PASS" starttime="20231123 11:30:05.678" endtime="20231123 11:30:06.312"/>
</branch>
<status status="PASS" starttime="20231123 11:30:04.098" endtime="20231123 11:30:06.312"/>
</try>
<status status="PASS" starttime="20231123 11:30:03.719" endtime="20231123 11:30:06.312"/>
</branch>
<status status="PASS" starttime="20231123 11:30:00.381" endtime="20231123 11:30:06.312"/>
</try>
<status status="PASS" starttime="20231123 11:30:00.381" endtime="20231123 11:30:06.312"/>
</kw>
<status status="PASS" starttime="20231123 11:29:59.058" endtime="20231123 11:30:06.312"/>
</kw>
<kw name="Evaluate" library="BuiltIn">
<var>${voltas}</var>
<arg>${voltas} + 1</arg>
<doc>Evaluates the given expression in Python and returns the result.</doc>
<msg timestamp="20231123 11:30:06.312" level="INFO">${voltas} = 3</msg>
<status status="PASS" starttime="20231123 11:30:06.312" endtime="20231123 11:30:06.312"/>
</kw>
<status status="PASS" starttime="20231123 11:29:59.058" endtime="20231123 11:30:06.312"/>
</iter>
<iter>
<kw name="Keywords para loop">
<arg>${voltas}</arg>
<for flavor="IN RANGE">
<var>${i}</var>
<value>${args}</value>
<iter>
<var name="${i}">0</var>
<kw name="Navegar até um perfil">
<kw name="Wait Until Element Is Visible" library="SeleniumLibrary">
<arg>${remove_follower}</arg>
<doc>Waits until the element ``locator`` is visible.</doc>
<status status="PASS" starttime="20231123 11:30:06.312" endtime="20231123 11:30:07.614"/>
</kw>
<kw name="Press Keys" library="SeleniumLibrary">
<arg>None</arg>
<arg>TAB</arg>
<doc>Simulates the user pressing key(s) to an element or on the active browser.</doc>
<msg timestamp="20231123 11:30:07.614" level="INFO">Sending key(s) ('TAB',) to page.</msg>
<msg timestamp="20231123 11:30:07.614" level="INFO">Pressing special key TAB to browser.</msg>
<msg timestamp="20231123 11:30:07.614" level="INFO">Releasing special key TAB.</msg>
<status status="PASS" starttime="20231123 11:30:07.614" endtime="20231123 11:30:07.630"/>
</kw>
<kw name="Press Keys" library="SeleniumLibrary">
<arg>None</arg>
<arg>TAB</arg>
<doc>Simulates the user pressing key(s) to an element or on the active browser.</doc>
<msg timestamp="20231123 11:30:07.630" level="INFO">Sending key(s) ('TAB',) to page.</msg>
<msg timestamp="20231123 11:30:07.630" level="INFO">Pressing special key TAB to browser.</msg>
<msg timestamp="20231123 11:30:07.630" level="INFO">Releasing special key TAB.</msg>
<status status="PASS" starttime="20231123 11:30:07.630" endtime="20231123 11:30:07.659"/>
</kw>
<kw name="Press Keys" library="SeleniumLibrary">
<arg>None</arg>
<arg>TAB</arg>
<doc>Simulates the user pressing key(s) to an element or on the active browser.</doc>
<msg timestamp="20231123 11:30:07.659" level="INFO">Sending key(s) ('TAB',) to page.</msg>
<msg timestamp="20231123 11:30:07.659" level="INFO">Pressing special key TAB to browser.</msg>
<msg timestamp="20231123 11:30:07.659" level="INFO">Releasing special key TAB.</msg>
<status status="PASS" starttime="20231123 11:30:07.659" endtime="20231123 11:30:07.723"/>
</kw>
<kw name="Sleep" library="BuiltIn">
<arg>.05s</arg>
<doc>Pauses the test executed for the given time.</doc>
<msg timestamp="20231123 11:30:07.773" level="INFO">Slept 50 milliseconds</msg>
<status status="PASS" starttime="20231123 11:30:07.723" endtime="20231123 11:30:07.773"/>
</kw>
<status status="PASS" starttime="20231123 11:30:06.312" endtime="20231123 11:30:07.773"/>
</kw>
<status status="PASS" starttime="20231123 11:30:06.312" endtime="20231123 11:30:07.773"/>
</iter>
<iter>
<var name="${i}">1</var>
<kw name="Navegar até um perfil">
<kw name="Wait Until Element Is Visible" library="SeleniumLibrary">
<arg>${remove_follower}</arg>
<doc>Waits until the element ``locator`` is visible.</doc>
<status status="PASS" starttime="20231123 11:30:07.773" endtime="20231123 11:30:07.797"/>
</kw>
<kw name="Press Keys" library="SeleniumLibrary">
<arg>None</arg>
<arg>TAB</arg>
<doc>Simulates the user pressing key(s) to an element or on the active browser.</doc>
<msg timestamp="20231123 11:30:07.805" level="INFO">Sending key(s) ('TAB',) to page.</msg>
<msg timestamp="20231123 11:30:07.805" level="INFO">Pressing special key TAB to browser.</msg>
<msg timestamp="20231123 11:30:07.805" level="INFO">Releasing special key TAB.</msg>
<status status="PASS" starttime="20231123 11:30:07.805" endtime="20231123 11:30:07.934"/>
</kw>
<kw name="Press Keys" library="SeleniumLibrary">
<arg>None</arg>
<arg>TAB</arg>
<doc>Simulates the user pressing key(s) to an element or on the active browser.</doc>
<msg timestamp="20231123 11:30:07.942" level="INFO">Sending key(s) ('TAB',) to page.</msg>
<msg timestamp="20231123 11:30:07.942" level="INFO">Pressing special key TAB to browser.</msg>
<msg timestamp="20231123 11:30:07.942" level="INFO">Releasing special key TAB.</msg>
<status status="PASS" starttime="20231123 11:30:07.934" endtime="20231123 11:30:07.974"/>
</kw>
<kw name="Press Keys" library="SeleniumLibrary">
<arg>None</arg>
<arg>TAB</arg>
<doc>Simulates the user pressing key(s) to an element or on the active browser.</doc>
<msg timestamp="20231123 11:30:07.974" level="INFO">Sending key(s) ('TAB',) to page.</msg>
<msg timestamp="20231123 11:30:07.974" level="INFO">Pressing special key TAB to browser.</msg>
<msg timestamp="20231123 11:30:07.974" level="INFO">Releasing special key TAB.</msg>
<status status="PASS" starttime="20231123 11:30:07.974" endtime="20231123 11:30:08.038"/>
</kw>
<kw name="Sleep" library="BuiltIn">
<arg>.05s</arg>
<doc>Pauses the test executed for the given time.</doc>
<msg timestamp="20231123 11:30:08.089" level="INFO">Slept 50 milliseconds</msg>
<status status="PASS" starttime="20231123 11:30:08.038" endtime="20231123 11:30:08.089"/>
</kw>
<status status="PASS" starttime="20231123 11:30:07.773" endtime="20231123 11:30:08.089"/>
</kw>
<status status="PASS" starttime="20231123 11:30:07.773" endtime="20231123 11:30:08.089"/>
</iter>
<iter>
<var name="${i}">2</var>
<kw name="Navegar até um perfil">
<kw name="Wait Until Element Is Visible" library="SeleniumLibrary">
<arg>${remove_follower}</arg>
<doc>Waits until the element ``locator`` is visible.</doc>
<status status="PASS" starttime="20231123 11:30:08.089" endtime="20231123 11:30:08.105"/>
</kw>
<kw name="Press Keys" library="SeleniumLibrary">
<arg>None</arg>
<arg>TAB</arg>
<doc>Simulates the user pressing key(s) to an element or on the active browser.</doc>
<msg timestamp="20231123 11:30:08.105" level="INFO">Sending key(s) ('TAB',) to page.</msg>
<msg timestamp="20231123 11:30:08.113" level="INFO">Pressing special key TAB to browser.</msg>
<msg timestamp="20231123 11:30:08.113" level="INFO">Releasing special key TAB.</msg>
<status status="PASS" starttime="20231123 11:30:08.105" endtime="20231123 11:30:08.174"/>
</kw>
<kw name="Press Keys" library="SeleniumLibrary">
<arg>None</arg>
<arg>TAB</arg>
<doc>Simulates the user pressing key(s) to an element or on the active browser.</doc>
<msg timestamp="20231123 11:30:08.174" level="INFO">Sending key(s) ('TAB',) to page.</msg>
<msg timestamp="20231123 11:30:08.174" level="INFO">Pressing special key TAB to browser.</msg>
<msg timestamp="20231123 11:30:08.174" level="INFO">Releasing special key TAB.</msg>
<status status="PASS" starttime="20231123 11:30:08.174" endtime="20231123 11:30:08.246"/>
</kw>
<kw name="Press Keys" library="SeleniumLibrary">
<arg>None</arg>
<arg>TAB</arg>
<doc>Simulates the user pressing key(s) to an element or on the active browser.</doc>
<msg timestamp="20231123 11:30:08.246" level="INFO">Sending key(s) ('TAB',) to page.</msg>
<msg timestamp="20231123 11:30:08.246" level="INFO">Pressing special key TAB to browser.</msg>
<msg timestamp="20231123 11:30:08.246" level="INFO">Releasing special key TAB.</msg>
<status status="PASS" starttime="20231123 11:30:08.246" endtime="20231123 11:30:08.390"/>
</kw>
<kw name="Sleep" library="BuiltIn">
<arg>.05s</arg>
<doc>Pauses the test executed for the given time.</doc>
<msg timestamp="20231123 11:30:08.446" level="INFO">Slept 50 milliseconds</msg>
<status status="PASS" starttime="20231123 11:30:08.390" endtime="20231123 11:30:08.446"/>
</kw>
<status status="PASS" starttime="20231123 11:30:08.089" endtime="20231123 11:30:08.446"/>
</kw>
<status status="PASS" starttime="20231123 11:30:08.089" endtime="20231123 11:30:08.446"/>
</iter>
<status status="PASS" starttime="20231123 11:30:06.312" endtime="20231123 11:30:08.446"/>
</for>
<kw name="Confirmar usuário">
<kw name="Press Keys" library="SeleniumLibrary">
<arg>None</arg>
<arg>ENTER</arg>
<doc>Simulates the user pressing key(s) to an element or on the active browser.</doc>
<msg timestamp="20231123 11:30:08.446" level="INFO">Sending key(s) ('ENTER',) to page.</msg>
<msg timestamp="20231123 11:30:08.446" level="INFO">Pressing special key ENTER to browser.</msg>
<msg timestamp="20231123 11:30:08.446" level="INFO">Releasing special key ENTER.</msg>
<status status="PASS" starttime="20231123 11:30:08.446" endtime="20231123 11:30:08.494"/>
</kw>
<status status="PASS" starttime="20231123 11:30:08.446" endtime="20231123 11:30:08.494"/>
</kw>
<kw name="Verificar se segue e entrar em mensagens">
<try>
<branch type="TRY">
<kw name="Wait Until Element Is Visible" library="SeleniumLibrary">
<arg>${follow_back_verify}</arg>
<arg>3s</arg>
<doc>Waits until the element ``locator`` is visible.</doc>
<status status="PASS" starttime="20231123 11:30:08.494" endtime="20231123 11:30:11.250"/>
</kw>
<kw name="Go Back" library="SeleniumLibrary">
<doc>Simulates the user clicking the back button on their browser.</doc>
<status status="PASS" starttime="20231123 11:30:11.250" endtime="20231123 11:30:11.758"/>
</kw>
<status status="PASS" starttime="20231123 11:30:08.494" endtime="20231123 11:30:11.758"/>
</branch>
<branch type="EXCEPT">
<kw name="Wait Until Element Is Visible" library="SeleniumLibrary">
<arg>${follow_back_button}</arg>
<doc>Waits until the element ``locator`` is visible.</doc>
<status status="NOT RUN" starttime="20231123 11:30:11.758" endtime="20231123 11:30:11.758"/>
</kw>
<kw name="Click Button" library="SeleniumLibrary">
<arg>${follow_back_button}</arg>
<doc>Clicks the button identified by ``locator``.</doc>
<status status="NOT RUN" starttime="20231123 11:30:11.758" endtime="20231123 11:30:11.758"/>
</kw>
<try>
<branch type="TRY">
<kw name="Page Should Not Contain Element" library="SeleniumLibrary">
<arg>${stop_follow}</arg>
<doc>Verifies that element ``locator`` is not found on the current page.</doc>
<status status="NOT RUN" starttime="20231123 11:30:11.758" endtime="20231123 11:30:11.758"/>
</kw>
<kw name="Wait Until Element Is Visible" library="SeleniumLibrary">
<arg>${message_button}</arg>
<arg>2s</arg>
<doc>Waits until the element ``locator`` is visible.</doc>
<status status="NOT RUN" starttime="20231123 11:30:11.758" endtime="20231123 11:30:11.758"/>
</kw>
<kw name="Click Element" library="SeleniumLibrary">
<arg>${message_button}</arg>
<doc>Click the element identified by ``locator``.</doc>
<status status="NOT RUN" starttime="20231123 11:30:11.758" endtime="20231123 11:30:11.758"/>
</kw>
<kw name="Wait Until Element Is Visible" library="SeleniumLibrary">
<arg>${message_box}</arg>
<doc>Waits until the element ``locator`` is visible.</doc>
<status status="NOT RUN" starttime="20231123 11:30:11.758" endtime="20231123 11:30:11.758"/>
</kw>
<kw name="Click Element" library="SeleniumLibrary">
<arg>${message_box}</arg>
<doc>Click the element identified by ``locator``.</doc>
<status status="NOT RUN" starttime="20231123 11:30:11.758" endtime="20231123 11:30:11.758"/>
</kw>
<kw name="Sleep" library="BuiltIn">
<arg>.2s</arg>
<doc>Pauses the test executed for the given time.</doc>
<status status="NOT RUN" starttime="20231123 11:30:11.758" endtime="20231123 11:30:11.758"/>
</kw>
<kw name="Press Keys" library="SeleniumLibrary">
<arg>None</arg>
<arg>${message_content}</arg>
<doc>Simulates the user pressing key(s) to an element or on the active browser.</doc>
<status status="NOT RUN" starttime="20231123 11:30:11.758" endtime="20231123 11:30:11.758"/>
</kw>
<kw name="Press Keys" library="SeleniumLibrary">
<arg>None</arg>
<arg>ENTER</arg>
<doc>Simulates the user pressing key(s) to an element or on the active browser.</doc>
<status status="NOT RUN" starttime="20231123 11:30:11.758" endtime="20231123 11:30:11.758"/>
</kw>
<kw name="Entrar no perfil">
<status status="NOT RUN" starttime="20231123 11:30:11.758" endtime="20231123 11:30:11.758"/>
</kw>
<kw name="Entrar em seguidores">
<status status="NOT RUN" starttime="20231123 11:30:11.758" endtime="20231123 11:30:11.758"/>
</kw>
<status status="NOT RUN" starttime="20231123 11:30:11.758" endtime="20231123 11:30:11.758"/>
</branch>
<branch type="EXCEPT">
<kw name="Press Keys" library="SeleniumLibrary">
<arg>None</arg>
<arg>ESC</arg>
<doc>Simulates the user pressing key(s) to an element or on the active browser.</doc>
<status status="NOT RUN" starttime="20231123 11:30:11.758" endtime="20231123 11:30:11.758"/>
</kw>
<kw name="Go Back" library="SeleniumLibrary">
<doc>Simulates the user clicking the back button on their browser.</doc>
<status status="NOT RUN" starttime="20231123 11:30:11.758" endtime="20231123 11:30:11.758"/>
</kw>
<status status="NOT RUN" starttime="20231123 11:30:11.758" endtime="20231123 11:30:11.758"/>
</branch>
<status status="NOT RUN" starttime="20231123 11:30:11.758" endtime="20231123 11:30:11.758"/>
</try>
<status status="NOT RUN" starttime="20231123 11:30:11.758" endtime="20231123 11:30:11.758"/>
</branch>
<status status="PASS" starttime="20231123 11:30:08.494" endtime="20231123 11:30:11.758"/>
</try>
<status status="PASS" starttime="20231123 11:30:08.494" endtime="20231123 11:30:11.758"/>
</kw>
<status status="PASS" starttime="20231123 11:30:06.312" endtime="20231123 11:30:11.758"/>
</kw>
<kw name="Evaluate" library="BuiltIn">
<var>${voltas}</var>
<arg>${voltas} + 1</arg>
<doc>Evaluates the given expression in Python and returns the result.</doc>
<msg timestamp="20231123 11:30:11.766" level="INFO">${voltas} = 4</msg>
<status status="PASS" starttime="20231123 11:30:11.758" endtime="20231123 11:30:11.766"/>
</kw>
<status status="PASS" starttime="20231123 11:30:06.312" endtime="20231123 11:30:11.766"/>
</iter>
<iter>
<kw name="Keywords para loop">
<arg>${voltas}</arg>
<for flavor="IN RANGE">
<var>${i}</var>
<value>${args}</value>
<iter>
<var name="${i}">0</var>
<kw name="Navegar até um perfil">
<kw name="Wait Until Element Is Visible" library="SeleniumLibrary">
<arg>${remove_follower}</arg>
<doc>Waits until the element ``locator`` is visible.</doc>
<status status="PASS" starttime="20231123 11:30:11.766" endtime="20231123 11:30:14.387"/>
</kw>
<kw name="Press Keys" library="SeleniumLibrary">
<arg>None</arg>
<arg>TAB</arg>
<doc>Simulates the user pressing key(s) to an element or on the active browser.</doc>
<msg timestamp="20231123 11:30:14.387" level="INFO">Sending key(s) ('TAB',) to page.</msg>
<msg timestamp="20231123 11:30:14.387" level="INFO">Pressing special key TAB to browser.</msg>
<msg timestamp="20231123 11:30:14.387" level="INFO">Releasing special key TAB.</msg>
<status status="PASS" starttime="20231123 11:30:14.387" endtime="20231123 11:30:14.403"/>
</kw>
<kw name="Press Keys" library="SeleniumLibrary">
<arg>None</arg>
<arg>TAB</arg>
<doc>Simulates the user pressing key(s) to an element or on the active browser.</doc>
<msg timestamp="20231123 11:30:14.403" level="INFO">Sending key(s) ('TAB',) to page.</msg>
<msg timestamp="20231123 11:30:14.403" level="INFO">Pressing special key TAB to browser.</msg>
<msg timestamp="20231123 11:30:14.403" level="INFO">Releasing special key TAB.</msg>
<status status="PASS" starttime="20231123 11:30:14.403" endtime="20231123 11:30:14.427"/>
</kw>
<kw name="Press Keys" library="SeleniumLibrary">
<arg>None</arg>
<arg>TAB</arg>
<doc>Simulates the user pressing key(s) to an element or on the active browser.</doc>
<msg timestamp="20231123 11:30:14.427" level="INFO">Sending key(s) ('TAB',) to page.</msg>
<msg timestamp="20231123 11:30:14.427" level="INFO">Pressing special key TAB to browser.</msg>
<msg timestamp="20231123 11:30:14.427" level="INFO">Releasing special key TAB.</msg>
<status status="PASS" starttime="20231123 11:30:14.427" endtime="20231123 11:30:14.488"/>
</kw>
<kw name="Sleep" library="BuiltIn">
<arg>.05s</arg>
<doc>Pauses the test executed for the given time.</doc>
<msg timestamp="20231123 11:30:14.538" level="INFO">Slept 50 milliseconds</msg>
<status status="PASS" starttime="20231123 11:30:14.488" endtime="20231123 11:30:14.538"/>
</kw>
<status status="PASS" starttime="20231123 11:30:11.766" endtime="20231123 11:30:14.538"/>
</kw>
<status status="PASS" starttime="20231123 11:30:11.766" endtime="20231123 11:30:14.538"/>
</iter>
<iter>
<var name="${i}">1</var>
<kw name="Navegar até um perfil">
<kw name="Wait Until Element Is Visible" library="SeleniumLibrary">
<arg>${remove_follower}</arg>
<doc>Waits until the element ``locator`` is visible.</doc>
<status status="PASS" starttime="20231123 11:30:14.538" endtime="20231123 11:30:14.570"/>
</kw>
<kw name="Press Keys" library="SeleniumLibrary">
<arg>None</arg>
<arg>TAB</arg>
<doc>Simulates the user pressing key(s) to an element or on the active browser.</doc>
<msg timestamp="20231123 11:30:14.570" level="INFO">Sending key(s) ('TAB',) to page.</msg>
<msg timestamp="20231123 11:30:14.570" level="INFO">Pressing special key TAB to browser.</msg>
<msg timestamp="20231123 11:30:14.570" level="INFO">Releasing special key TAB.</msg>
<status status="PASS" starttime="20231123 11:30:14.570" endtime="20231123 11:30:14.650"/>
</kw>
<kw name="Press Keys" library="SeleniumLibrary">
<arg>None</arg>
<arg>TAB</arg>
<doc>Simulates the user pressing key(s) to an element or on the active browser.</doc>
<msg timestamp="20231123 11:30:14.658" level="INFO">Sending key(s) ('TAB',) to page.</msg>
<msg timestamp="20231123 11:30:14.658" level="INFO">Pressing special key TAB to browser.</msg>
<msg timestamp="20231123 11:30:14.658" level="INFO">Releasing special key TAB.</msg>
<status status="PASS" starttime="20231123 11:30:14.650" endtime="20231123 11:30:14.682"/>
</kw>
<kw name="Press Keys" library="SeleniumLibrary">
<arg>None</arg>
<arg>TAB</arg>
<doc>Simulates the user pressing key(s) to an element or on the active browser.</doc>
<msg timestamp="20231123 11:30:14.690" level="INFO">Sending key(s) ('TAB',) to page.</msg>
<msg timestamp="20231123 11:30:14.690" level="INFO">Pressing special key TAB to browser.</msg>
<msg timestamp="20231123 11:30:14.690" level="INFO">Releasing special key TAB.</msg>
<status status="PASS" starttime="20231123 11:30:14.682" endtime="20231123 11:30:14.762"/>
</kw>
<kw name="Sleep" library="BuiltIn">
<arg>.05s</arg>
<doc>Pauses the test executed for the given time.</doc>
<msg timestamp="20231123 11:30:14.814" level="INFO">Slept 50 milliseconds</msg>
<status status="PASS" starttime="20231123 11:30:14.762" endtime="20231123 11:30:14.814"/>
</kw>
<status status="PASS" starttime="20231123 11:30:14.538" endtime="20231123 11:30:14.814"/>
</kw>
<status status="PASS" starttime="20231123 11:30:14.538" endtime="20231123 11:30:14.814"/>
</iter>
<iter>
<var name="${i}">2</var>
<kw name="Navegar até um perfil">
<kw name="Wait Until Element Is Visible" library="SeleniumLibrary">
<arg>${remove_follower}</arg>
<doc>Waits until the element ``locator`` is visible.</doc>
<status status="PASS" starttime="20231123 11:30:14.814" endtime="20231123 11:30:14.894"/>
</kw>
<kw name="Press Keys" library="SeleniumLibrary">
<arg>None</arg>
<arg>TAB</arg>
<doc>Simulates the user pressing key(s) to an element or on the active browser.</doc>
<msg timestamp="20231123 11:30:14.894" level="INFO">Sending key(s) ('TAB',) to page.</msg>
<msg timestamp="20231123 11:30:14.894" level="INFO">Pressing special key TAB to browser.</msg>
<msg timestamp="20231123 11:30:14.894" level="INFO">Releasing special key TAB.</msg>
<status status="PASS" starttime="20231123 11:30:14.894" endtime="20231123 11:30:15.037"/>
</kw>
<kw name="Press Keys" library="SeleniumLibrary">
<arg>None</arg>
<arg>TAB</arg>
<doc>Simulates the user pressing key(s) to an element or on the active browser.</doc>
<msg timestamp="20231123 11:30:15.037" level="INFO">Sending key(s) ('TAB',) to page.</msg>
<msg timestamp="20231123 11:30:15.045" level="INFO">Pressing special key TAB to browser.</msg>
<msg timestamp="20231123 11:30:15.045" level="INFO">Releasing special key TAB.</msg>
<status status="PASS" starttime="20231123 11:30:15.037" endtime="20231123 11:30:15.101"/>
</kw>
<kw name="Press Keys" library="SeleniumLibrary">
<arg>None</arg>
<arg>TAB</arg>
<doc>Simulates the user pressing key(s) to an element or on the active browser.</doc>
<msg timestamp="20231123 11:30:15.101" level="INFO">Sending key(s) ('TAB',) to page.</msg>
<msg timestamp="20231123 11:30:15.101" level="INFO">Pressing special key TAB to browser.</msg>
<msg timestamp="20231123 11:30:15.101" level="INFO">Releasing special key TAB.</msg>
<status status="PASS" starttime="20231123 11:30:15.101" endtime="20231123 11:30:15.165"/>
</kw>
<kw name="Sleep" library="BuiltIn">
<arg>.05s</arg>
<doc>Pauses the test executed for the given time.</doc>
<msg timestamp="20231123 11:30:15.215" level="INFO">Slept 50 milliseconds</msg>
<status status="PASS" starttime="20231123 11:30:15.165" endtime="20231123 11:30:15.215"/>
</kw>
<status status="PASS" starttime="20231123 11:30:14.814" endtime="20231123 11:30:15.215"/>
</kw>
<status status="PASS" starttime="20231123 11:30:14.814" endtime="20231123 11:30:15.215"/>
</iter>
<iter>
<var name="${i}">3</var>
<kw name="Navegar até um perfil">
<kw name="Wait Until Element Is Visible" library="SeleniumLibrary">
<arg>${remove_follower}</arg>
<doc>Waits until the element ``locator`` is visible.</doc>
<status status="PASS" starttime="20231123 11:30:15.215" endtime="20231123 11:30:15.239"/>
</kw>
<kw name="Press Keys" library="SeleniumLibrary">
<arg>None</arg>
<arg>TAB</arg>
<doc>Simulates the user pressing key(s) to an element or on the active browser.</doc>
<msg timestamp="20231123 11:30:15.239" level="INFO">Sending key(s) ('TAB',) to page.</msg>
<msg timestamp="20231123 11:30:15.239" level="INFO">Pressing special key TAB to browser.</msg>
<msg timestamp="20231123 11:30:15.239" level="INFO">Releasing special key TAB.</msg>
<status status="PASS" starttime="20231123 11:30:15.239" endtime="20231123 11:30:15.303"/>
</kw>
<kw name="Press Keys" library="SeleniumLibrary">
<arg>None</arg>
<arg>TAB</arg>
<doc>Simulates the user pressing key(s) to an element or on the active browser.</doc>
<msg timestamp="20231123 11:30:15.303" level="INFO">Sending key(s) ('TAB',) to page.</msg>
<msg timestamp="20231123 11:30:15.303" level="INFO">Pressing special key TAB to browser.</msg>
<msg timestamp="20231123 11:30:15.303" level="INFO">Releasing special key TAB.</msg>
<status status="PASS" starttime="20231123 11:30:15.303" endtime="20231123 11:30:15.343"/>
</kw>
<kw name="Press Keys" library="SeleniumLibrary">
<arg>None</arg>
<arg>TAB</arg>
<doc>Simulates the user pressing key(s) to an element or on the active browser.</doc>
<msg timestamp="20231123 11:30:15.351" level="INFO">Sending key(s) ('TAB',) to page.</msg>
<msg timestamp="20231123 11:30:15.351" level="INFO">Pressing special key TAB to browser.</msg>
<msg timestamp="20231123 11:30:15.351" level="INFO">Releasing special key TAB.</msg>
<status status="PASS" starttime="20231123 11:30:15.343" endtime="20231123 11:30:15.551"/>
</kw>
<kw name="Sleep" library="BuiltIn">
<arg>.05s</arg>
<doc>Pauses the test executed for the given time.</doc>
<msg timestamp="20231123 11:30:15.604" level="INFO">Slept 50 milliseconds</msg>
<status status="PASS" starttime="20231123 11:30:15.551" endtime="20231123 11:30:15.604"/>
</kw>
<status status="PASS" starttime="20231123 11:30:15.215" endtime="20231123 11:30:15.604"/>
</kw>
<status status="PASS" starttime="20231123 11:30:15.215" endtime="20231123 11:30:15.604"/>
</iter>
<status status="PASS" starttime="20231123 11:30:11.766" endtime="20231123 11:30:15.604"/>
</for>
<kw name="Confirmar usuário">
<kw name="Press Keys" library="SeleniumLibrary">
<arg>None</arg>
<arg>ENTER</arg>
<doc>Simulates the user pressing key(s) to an element or on the active browser.</doc>
<msg timestamp="20231123 11:30:15.604" level="INFO">Sending key(s) ('ENTER',) to page.</msg>
<msg timestamp="20231123 11:30:15.604" level="INFO">Pressing special key ENTER to browser.</msg>
<msg timestamp="20231123 11:30:15.604" level="INFO">Releasing special key ENTER.</msg>
<status status="PASS" starttime="20231123 11:30:15.604" endtime="20231123 11:30:15.644"/>
</kw>
<status status="PASS" starttime="20231123 11:30:15.604" endtime="20231123 11:30:15.644"/>
</kw>
<kw name="Verificar se segue e entrar em mensagens">
<try>
<branch type="TRY">
<kw name="Wait Until Element Is Visible" library="SeleniumLibrary">
<arg>${follow_back_verify}</arg>
<arg>3s</arg>
<doc>Waits until the element ``locator`` is visible.</doc>
<status status="PASS" starttime="20231123 11:30:15.644" endtime="20231123 11:30:17.899"/>
</kw>
[...]
</iter>
<iter>
<var name="${i}">11</var>
<kw name="Navegar até um perfil">
<kw name="Wait Until Element Is Visible" library="SeleniumLibrary">
<arg>${remove_follower}</arg>
<doc>Waits until the element ``locator`` is visible.</doc>
<status status="PASS" starttime="20231123 11:32:22.677" endtime="20231123 11:32:22.717"/>
</kw>
<kw name="Press Keys" library="SeleniumLibrary">
<arg>None</arg>
<arg>TAB</arg>
<doc>Simulates the user pressing key(s) to an element or on the active browser.</doc>
<msg timestamp="20231123 11:32:22.725" level="INFO">Sending key(s) ('TAB',) to page.</msg>
<msg timestamp="20231123 11:32:22.725" level="INFO">Pressing special key TAB to browser.</msg>
<msg timestamp="20231123 11:32:22.725" level="INFO">Releasing special key TAB.</msg>
<status status="PASS" starttime="20231123 11:32:22.725" endtime="20231123 11:32:22.797"/>
</kw>
<kw name="Press Keys" library="SeleniumLibrary">
<arg>None</arg>
<arg>TAB</arg>
<doc>Simulates the user pressing key(s) to an element or on the active browser.</doc>
<msg timestamp="20231123 11:32:22.797" level="INFO">Sending key(s) ('TAB',) to page.</msg>
<msg timestamp="20231123 11:32:22.797" level="INFO">Pressing special key TAB to browser.</msg>
<msg timestamp="20231123 11:32:22.797" level="INFO">Releasing special key TAB.</msg>
<status status="PASS" starttime="20231123 11:32:22.797" endtime="20231123 11:32:22.821"/>
</kw>
<kw name="Press Keys" library="SeleniumLibrary">
<arg>None</arg>
<arg>TAB</arg>
<doc>Simulates the user pressing key(s) to an element or on the active browser.</doc>
<msg timestamp="20231123 11:32:22.821" level="INFO">Sending key(s) ('TAB',) to page.</msg>
<msg timestamp="20231123 11:32:22.821" level="INFO">Pressing special key TAB to browser.</msg>
<msg timestamp="20231123 11:32:22.821" level="INFO">Releasing special key TAB.</msg>
<status status="PASS" starttime="20231123 11:32:22.821" endtime="20231123 11:32:22.885"/>
</kw>
<kw name="Sleep" library="BuiltIn">
<arg>.05s</arg>
<doc>Pauses the test executed for the given time.</doc>
<msg timestamp="20231123 11:32:22.935" level="INFO">Slept 50 milliseconds</msg>
<status status="PASS" starttime="20231123 11:32:22.885" endtime="20231123 11:32:22.935"/>
</kw>
<status status="PASS" starttime="20231123 11:32:22.677" endtime="20231123 11:32:22.935"/>
</kw>
<status status="PASS" starttime="20231123 11:32:22.677" endtime="20231123 11:32:22.935"/>
</iter>
<iter>
<var name="${i}">12</var>
<kw name="Navegar até um perfil">
<kw name="Wait Until Element Is Visible" library="SeleniumLibrary">
<arg>${remove_follower}</arg>
<doc>Waits until the element ``locator`` is visible.</doc>
<status status="PASS" starttime="20231123 11:32:22.935" endtime="20231123 11:32:22.959"/>
</kw>
<kw name="Press Keys" library="SeleniumLibrary">
<arg>None</arg>
<arg>TAB</arg>
<doc>Simulates the user pressing key(s) to an element or on the active browser.</doc>
<msg timestamp="20231123 11:32:22.959" level="INFO">Sending key(s) ('TAB',) to page.</msg>
<msg timestamp="20231123 11:32:22.959" level="INFO">Pressing special key TAB to browser.</msg>
<msg timestamp="20231123 11:32:22.959" level="INFO">Releasing special key TAB.</msg>
<status status="PASS" starttime="20231123 11:32:22.959" endtime="20231123 11:32:22.983"/>
</kw>
<kw name="Press Keys" library="SeleniumLibrary">
<arg>None</arg>
<arg>TAB</arg>
<doc>Simulates the user pressing key(s) to an element or on the active browser.</doc>
<msg timestamp="20231123 11:32:22.983" level="INFO">Sending key(s) ('TAB',) to page.</msg>
<msg timestamp="20231123 11:32:22.983" level="INFO">Pressing special key TAB to browser.</msg>
<msg timestamp="20231123 11:32:22.983" level="INFO">Releasing special key TAB.</msg>
<status status="PASS" starttime="20231123 11:32:22.983" endtime="20231123 11:32:23.055"/>
</kw>
<kw name="Press Keys" library="SeleniumLibrary">
<arg>None</arg>
<arg>TAB</arg>
<doc>Simulates the user pressing key(s) to an element or on the active browser.</doc>
<msg timestamp="20231123 11:32:23.055" level="INFO">Sending key(s) ('TAB',) to page.</msg>
<msg timestamp="20231123 11:32:23.055" level="INFO">Pressing special key TAB to browser.</msg>
<msg timestamp="20231123 11:32:23.055" level="INFO">Releasing special key TAB.</msg>
<status status="PASS" starttime="20231123 11:32:23.055" endtime="20231123 11:32:23.135"/>
</kw>
<kw name="Sleep" library="BuiltIn">
<arg>.05s</arg>
<doc>Pauses the test executed for the given time.</doc>
<msg timestamp="20231123 11:32:23.193" level="INFO">Slept 50 milliseconds</msg>
<status status="PASS" starttime="20231123 11:32:23.135" endtime="20231123 11:32:23.193"/>
</kw>
<status status="PASS" starttime="20231123 11:32:22.935" endtime="20231123 11:32:23.193"/>
</kw>
<status status="PASS" starttime="20231123 11:32:22.935" endtime="20231123 11:32:23.193"/>
</iter>
<iter>
<var name="${i}">13</var>
<kw name="Navegar até um perfil">
<kw name="Wait Until Element Is Visible" library="SeleniumLibrary">
<arg>${remove_follower}</arg>
<doc>Waits until the element ``locator`` is visible.</doc>
<status status="PASS" starttime="20231123 11:32:23.193" endtime="20231123 11:32:23.209"/>
</kw>
<kw name="Press Keys" library="SeleniumLibrary">
<arg>None</arg>
<arg>TAB</arg>
<doc>Simulates the user pressing key(s) to an element or on the active browser.</doc>
<msg timestamp="20231123 11:32:23.209" level="INFO">Sending key(s) ('TAB',) to page.</msg>
<msg timestamp="20231123 11:32:23.209" level="INFO">Pressing special key TAB to browser.</msg>
<msg timestamp="20231123 11:32:23.209" level="INFO">Releasing special key TAB.</msg>
<status status="PASS" starttime="20231123 11:32:23.209" endtime="20231123 11:32:23.225"/>
</kw>
<kw name="Press Keys" library="SeleniumLibrary">
<arg>None</arg>
<arg>TAB</arg>
<doc>Simulates the user pressing key(s) to an element or on the active browser.</doc>
<msg timestamp="20231123 11:32:23.225" level="INFO">Sending key(s) ('TAB',) to page.</msg>
<msg timestamp="20231123 11:32:23.225" level="INFO">Pressing special key TAB to browser.</msg>
<msg timestamp="20231123 11:32:23.225" level="INFO">Releasing special key TAB.</msg>
<status status="PASS" starttime="20231123 11:32:23.225" endtime="20231123 11:32:23.297"/>
</kw>
<kw name="Press Keys" library="SeleniumLibrary">
<arg>None</arg>
<arg>TAB</arg>
<doc>Simulates the user pressing key(s) to an element or on the active browser.</doc>
<msg timestamp="20231123 11:32:23.297" level="INFO">Sending key(s) ('TAB',) to page.</msg>
<msg timestamp="20231123 11:32:23.297" level="INFO">Pressing special key TAB to browser.</msg>
<msg timestamp="20231123 11:32:23.297" level="INFO">Releasing special key TAB.</msg>
<status status="PASS" starttime="20231123 11:32:23.297" endtime="20231123 11:32:23.342"/>
</kw>
<kw name="Sleep" library="BuiltIn">
<arg>.05s</arg>
<doc>Pauses the test executed for the given time.</doc>
<msg timestamp="20231123 11:32:23.393" level="INFO">Slept 50 milliseconds</msg>
<status status="PASS" starttime="20231123 11:32:23.342" endtime="20231123 11:32:23.393"/>
</kw>
<status status="PASS" starttime="20231123 11:32:23.193" endtime="20231123 11:32:23.393"/>
</kw>
<status status="PASS" starttime="20231123 11:32:23.193" endtime="20231123 11:32:23.393"/>
</iter>
<iter>
<var name="${i}">14</var>
<kw name="Navegar até um perfil">
<kw name="Wait Until Element Is Visible" library="SeleniumLibrary">
<arg>${remove_follower}</arg>
<doc>Waits until the element ``locator`` is visible.</doc>
<status status="PASS" starttime="20231123 11:32:23.393" endtime="20231123 11:32:23.417"/>
</kw>
<kw name="Press Keys" library="SeleniumLibrary">
<arg>None</arg>
<arg>TAB</arg>
<doc>Simulates the user pressing key(s) to an element or on the active browser.</doc>
<msg timestamp="20231123 11:32:23.417" level="INFO">Sending key(s) ('TAB',) to page.</msg>
<msg timestamp="20231123 11:32:23.417" level="INFO">Pressing special key TAB to browser.</msg>
<msg timestamp="20231123 11:32:23.417" level="INFO">Releasing special key TAB.</msg>
<status status="PASS" starttime="20231123 11:32:23.417" endtime="20231123 11:32:23.617"/>
</kw>
<kw name="Press Keys" library="SeleniumLibrary">
<arg>None</arg>
<arg>TAB</arg>
<doc>Simulates the user pressing key(s) to an element or on the active browser.</doc>
<msg timestamp="20231123 11:32:23.625" level="INFO">Sending key(s) ('TAB',) to page.</msg>
<msg timestamp="20231123 11:32:23.625" level="INFO">Pressing special key TAB to browser.</msg>
<msg timestamp="20231123 11:32:23.625" level="INFO">Releasing special key TAB.</msg>
<status status="PASS" starttime="20231123 11:32:23.617" endtime="20231123 11:32:23.785"/>
</kw>
<kw name="Press Keys" library="SeleniumLibrary">
<arg>None</arg>
<arg>TAB</arg>
<doc>Simulates the user pressing key(s) to an element or on the active browser.</doc>
<msg timestamp="20231123 11:32:23.785" level="INFO">Sending key(s) ('TAB',) to page.</msg>
<msg timestamp="20231123 11:32:23.785" level="INFO">Pressing special key TAB to browser.</msg>
<msg timestamp="20231123 11:32:23.785" level="INFO">Releasing special key TAB.</msg>
<status status="PASS" starttime="20231123 11:32:23.785" endtime="20231123 11:32:23.986"/>
</kw>
<kw name="Sleep" library="BuiltIn">
<arg>.05s</arg>
<doc>Pauses the test executed for the given time.</doc>
<msg timestamp="20231123 11:32:24.036" level="INFO">Slept 50 milliseconds</msg>
<status status="PASS" starttime="20231123 11:32:23.986" endtime="20231123 11:32:24.036"/>
</kw>
<status status="PASS" starttime="20231123 11:32:23.393" endtime="20231123 11:32:24.036"/>
</kw>
<status status="PASS" starttime="20231123 11:32:23.393" endtime="20231123 11:32:24.036"/>
</iter>
<status status="PASS" starttime="20231123 11:32:18.460" endtime="20231123 11:32:24.036"/>
</for>
<kw name="Confirmar usuário">
<kw name="Press Keys" library="SeleniumLibrary">
<arg>None</arg>
<arg>ENTER</arg>
<doc>Simulates the user pressing key(s) to an element or on the active browser.</doc>
<msg timestamp="20231123 11:32:24.036" level="INFO">Sending key(s) ('ENTER',) to page.</msg>
<msg timestamp="20231123 11:32:24.036" level="INFO">Pressing special key ENTER to browser.</msg>
<msg timestamp="20231123 11:32:24.036" level="INFO">Releasing special key ENTER.</msg>
<status status="PASS" starttime="20231123 11:32:24.036" endtime="20231123 11:32:24.208"/>
</kw>
<status status="PASS" starttime="20231123 11:32:24.036" endtime="20231123 11:32:24.208"/>
</kw>
<kw name="Verificar se segue e entrar em mensagens">
<try>
<branch type="TRY">
<kw name="Wait Until Element Is Visible" library="SeleniumLibrary">
<arg>${follow_back_verify}</arg>
<arg>3s</arg>
<doc>Waits until the element ``locator`` is visible.</doc>
<msg timestamp="20231123 11:32:27.626" level="INFO" html="true">&lt;/td&gt;&lt;/tr&gt;&lt;tr&gt;&lt;td colspan="3"&gt;&lt;a href="selenium-screenshot-301.png"&gt;&lt;img src="selenium-screenshot-301.png" width="800px"&gt;&lt;/a&gt;</msg>
<msg timestamp="20231123 11:32:27.626" level="FAIL">Element 'css=span &gt; .x5n08af' not visible after 3 seconds.</msg>
<status status="FAIL" starttime="20231123 11:32:24.208" endtime="20231123 11:32:27.626"/>
</kw>
<kw name="Go Back" library="SeleniumLibrary">
<doc>Simulates the user clicking the back button on their browser.</doc>
<status status="NOT RUN" starttime="20231123 11:32:27.626" endtime="20231123 11:32:27.634"/>
</kw>
<status status="FAIL" starttime="20231123 11:32:24.208" endtime="20231123 11:32:27.634"/>
</branch>
<branch type="EXCEPT">
<kw name="Wait Until Element Is Visible" library="SeleniumLibrary">
<arg>${follow_back_button}</arg>
<doc>Waits until the element ``locator`` is visible.</doc>
<status status="PASS" starttime="20231123 11:32:27.634" endtime="20231123 11:32:27.674"/>
</kw>
<kw name="Click Button" library="SeleniumLibrary">
<arg>${follow_back_button}</arg>
<doc>Clicks the button identified by ``locator``.</doc>
<msg timestamp="20231123 11:32:27.674" level="INFO">Clicking button 'css=._acan'.</msg>
<status status="PASS" starttime="20231123 11:32:27.674" endtime="20231123 11:32:28.404"/>
</kw>
<try>
<branch type="TRY">
<kw name="Page Should Not Contain Element" library="SeleniumLibrary">
<arg>${stop_follow}</arg>
<doc>Verifies that element ``locator`` is not found on the current page.</doc>
<msg timestamp="20231123 11:32:29.184" level="INFO" html="true">&lt;/td&gt;&lt;/tr&gt;&lt;tr&gt;&lt;td colspan="3"&gt;&lt;a href="selenium-screenshot-302.png"&gt;&lt;img src="selenium-screenshot-302.png" width="800px"&gt;&lt;/a&gt;</msg>
<msg timestamp="20231123 11:32:29.184" level="FAIL">Page should not have contained element 'css=._a9-_'.</msg>
<status status="FAIL" starttime="20231123 11:32:28.404" endtime="20231123 11:32:29.184"/>
</kw>
<kw name="Wait Until Element Is Visible" library="SeleniumLibrary">
<arg>${message_button}</arg>
<arg>2s</arg>
<doc>Waits until the element ``locator`` is visible.</doc>
<status status="NOT RUN" starttime="20231123 11:32:29.184" endtime="20231123 11:32:29.184"/>
</kw>
<kw name="Click Element" library="SeleniumLibrary">
<arg>${message_button}</arg>
<doc>Click the element identified by ``locator``.</doc>
<status status="NOT RUN" starttime="20231123 11:32:29.184" endtime="20231123 11:32:29.184"/>
</kw>
<kw name="Wait Until Element Is Visible" library="SeleniumLibrary">
<arg>${message_box}</arg>
<doc>Waits until the element ``locator`` is visible.</doc>
<status status="NOT RUN" starttime="20231123 11:32:29.184" endtime="20231123 11:32:29.184"/>
</kw>
<kw name="Click Element" library="SeleniumLibrary">
<arg>${message_box}</arg>
<doc>Click the element identified by ``locator``.</doc>
<status status="NOT RUN" starttime="20231123 11:32:29.184" endtime="20231123 11:32:29.184"/>
</kw>
<kw name="Sleep" library="BuiltIn">
<arg>.2s</arg>
<doc>Pauses the test executed for the given time.</doc>
<status status="NOT RUN" starttime="20231123 11:32:29.184" endtime="20231123 11:32:29.184"/>
</kw>
<kw name="Press Keys" library="SeleniumLibrary">
<arg>None</arg>
<arg>${message_content}</arg>
<doc>Simulates the user pressing key(s) to an element or on the active browser.</doc>
<status status="NOT RUN" starttime="20231123 11:32:29.184" endtime="20231123 11:32:29.184"/>
</kw>
<kw name="Press Keys" library="SeleniumLibrary">
<arg>None</arg>
<arg>ENTER</arg>
<doc>Simulates the user pressing key(s) to an element or on the active browser.</doc>
<status status="NOT RUN" starttime="20231123 11:32:29.184" endtime="20231123 11:32:29.184"/>
</kw>
<kw name="Entrar no perfil">
<status status="NOT RUN" starttime="20231123 11:32:29.184" endtime="20231123 11:32:29.184"/>
</kw>
<kw name="Entrar em seguidores">
<status status="NOT RUN" starttime="20231123 11:32:29.184" endtime="20231123 11:32:29.184"/>
</kw>
<status status="FAIL" starttime="20231123 11:32:28.404" endtime="20231123 11:32:29.184"/>
</branch>
<branch type="EXCEPT">
<kw name="Press Keys" library="SeleniumLibrary">
<arg>None</arg>
<arg>ESC</arg>
<doc>Simulates the user pressing key(s) to an element or on the active browser.</doc>
<msg timestamp="20231123 11:32:29.184" level="INFO">Sending key(s) ('ESC',) to page.</msg>
<msg timestamp="20231123 11:32:29.184" level="INFO">Pressing special key ESCAPE to browser.</msg>
<msg timestamp="20231123 11:32:29.184" level="INFO">Releasing special key ESCAPE.</msg>
<status status="PASS" starttime="20231123 11:32:29.184" endtime="20231123 11:32:29.200"/>
</kw>
<kw name="Go Back" library="SeleniumLibrary">
<doc>Simulates the user clicking the back button on their browser.</doc>
<status status="PASS" starttime="20231123 11:32:29.208" endtime="20231123 11:32:29.336"/>
</kw>
<status status="PASS" starttime="20231123 11:32:29.184" endtime="20231123 11:32:29.336"/>
</branch>
<status status="PASS" starttime="20231123 11:32:28.404" endtime="20231123 11:32:29.336"/>
</try>
<status status="PASS" starttime="20231123 11:32:27.634" endtime="20231123 11:32:29.336"/>
</branch>
<status status="PASS" starttime="20231123 11:32:24.208" endtime="20231123 11:32:29.336"/>
</try>
<status status="PASS" starttime="20231123 11:32:24.208" endtime="20231123 11:32:29.336"/>
</kw>
<status status="PASS" starttime="20231123 11:32:18.460" endtime="20231123 11:32:29.336"/>
</kw>
<kw name="Evaluate" library="BuiltIn">
<var>${voltas}</var>
<arg>${voltas} + 1</arg>
<doc>Evaluates the given expression in Python and returns the result.</doc>
<msg timestamp="20231123 11:32:29.336" level="INFO">${voltas} = 16</msg>
<status status="PASS" starttime="20231123 11:32:29.336" endtime="20231123 11:32:29.336"/>
</kw>
<status status="PASS" starttime="20231123 11:32:18.460" endtime="20231123 11:32:29.336"/>
</iter>
<iter>
<kw name="Keywords para loop">
<arg>${voltas}</arg>
<for flavor="IN RANGE">
<var>${i}</var>
<value>${args}</value>
<iter>
<var name="${i}">0</var>
<kw name="Navegar até um perfil">
<kw name="Wait Until Element Is Visible" library="SeleniumLibrary">
<arg>${remove_follower}</arg>
<doc>Waits until the element ``locator`` is visible.</doc>
<msg timestamp="20231123 11:32:34.740" level="INFO" html="true">&lt;/td&gt;&lt;/tr&gt;&lt;tr&gt;&lt;td colspan="3"&gt;&lt;a href="selenium-screenshot-303.png"&gt;&lt;img src="selenium-screenshot-303.png" width="800px"&gt;&lt;/a&gt;</msg>
<msg timestamp="20231123 11:32:34.740" level="FAIL">Element 'css=.x1dm5mii:nth-child(1) .x9f619 &gt; .x1i10hfl' not visible after 5 seconds.</msg>
<status status="FAIL" starttime="20231123 11:32:29.336" endtime="20231123 11:32:34.740"/>
</kw>
<kw name="Press Keys" library="SeleniumLibrary">
<arg>None</arg>
<arg>TAB</arg>
<doc>Simulates the user pressing key(s) to an element or on the active browser.</doc>
<status status="NOT RUN" starttime="20231123 11:32:34.740" endtime="20231123 11:32:34.740"/>
</kw>
<kw name="Press Keys" library="SeleniumLibrary">
<arg>None</arg>
<arg>TAB</arg>
<doc>Simulates the user pressing key(s) to an element or on the active browser.</doc>
<status status="NOT RUN" starttime="20231123 11:32:34.740" endtime="20231123 11:32:34.740"/>
</kw>
<kw name="Press Keys" library="SeleniumLibrary">
<arg>None</arg>
<arg>TAB</arg>
<doc>Simulates the user pressing key(s) to an element or on the active browser.</doc>
<status status="NOT RUN" starttime="20231123 11:32:34.740" endtime="20231123 11:32:34.740"/>
</kw>
<kw name="Sleep" library="BuiltIn">
<arg>.05s</arg>
<doc>Pauses the test executed for the given time.</doc>
<status status="NOT RUN" starttime="20231123 11:32:34.740" endtime="20231123 11:32:34.740"/>
</kw>
<status status="FAIL" starttime="20231123 11:32:29.336" endtime="20231123 11:32:34.740"/>
</kw>
<status status="FAIL" starttime="20231123 11:32:29.336" endtime="20231123 11:32:34.740"/>
</iter>
<status status="FAIL" starttime="20231123 11:32:29.336" endtime="20231123 11:32:34.740"/>
</for>
<kw name="Confirmar usuário">
<status status="NOT RUN" starttime="20231123 11:32:34.740" endtime="20231123 11:32:34.740"/>
</kw>
<kw name="Verificar se segue e entrar em mensagens">
<status status="NOT RUN" starttime="20231123 11:32:34.740" endtime="20231123 11:32:34.740"/>
</kw>
<status status="FAIL" starttime="20231123 11:32:29.336" endtime="20231123 11:32:34.740"/>
</kw>
<kw name="Evaluate" library="BuiltIn">
<var>${voltas}</var>
<arg>${voltas} + 1</arg>
<doc>Evaluates the given expression in Python and returns the result.</doc>
<status status="NOT RUN" starttime="20231123 11:32:34.740" endtime="20231123 11:32:34.740"/>
</kw>
<status status="FAIL" starttime="20231123 11:32:29.336" endtime="20231123 11:32:34.740"/>
</iter>
<status status="FAIL" starttime="20231123 11:29:52.857" endtime="20231123 11:32:34.740"/>
</while>
<status status="FAIL" starttime="20231123 11:29:52.857" endtime="20231123 11:32:34.740">Element 'css=.x1dm5mii:nth-child(1) .x9f619 &gt; .x1i10hfl' not visible after 5 seconds.</status>
</test>
<status status="FAIL" starttime="20231123 11:29:29.588" endtime="20231123 11:32:34.740"/>
</suite>
<statistics>
<total>
<stat pass="2" fail="1" skip="0">All Tests</stat>
</total>
<tag>
</tag>
<suite>
<stat pass="2" fail="1" skip="0" id="s1" name="Instabot">Instabot</stat>
</suite>
</statistics>
<errors>
</errors>
</robot>
